# JRE version: Java(TM) SE Runtime Environment (8.0_65-b17) (build 1.8.0_65-b17)
# Java VM: Java HotSpot(TM) 64-Bit Server VM (25.65-b01 mixed mode bsd-amd64 compressed oops)
Heap:
 PSYoungGen      total 732672K, used 307112K [0x000000076ab00000, 0x000000079fe00000, 0x00000007c0000000)
  eden space 636928K, 33% used [0x000000076ab00000,0x000000077796dfd8,0x0000000791900000)
  from space 95744K, 99% used [0x0000000798900000,0x000000079e67c1c0,0x000000079e680000)
  to   space 114688K, 0% used [0x0000000791900000,0x0000000791900000,0x0000000798900000)
 ParOldGen       total 494592K, used 206799K [0x00000006c0000000, 0x00000006de300000, 0x000000076ab00000)
  object space 494592K, 41% used [0x00000006c0000000,0x00000006cc9f3c10,0x00000006de300000)
 Metaspace       used 79173K, capacity 80122K, committed 80384K, reserved 1120256K
  class space    used 9905K, capacity 10172K, committed 10240K, reserved 1048576K
GC Heap History (10 events):
Event: 66.043 GC heap before
{Heap before GC invocations=16 (full 3):
 PSYoungGen      total 567296K, used 524649K [0x000000076ab00000, 0x0000000793a00000, 0x00000007c0000000)
  eden space 504832K, 100% used [0x000000076ab00000,0x0000000789800000,0x0000000789800000)
  from space 62464K, 31% used [0x000000078fd00000,0x000000079105a7e8,0x0000000793a00000)
  to   space 82944K, 0% used [0x0000000789800000,0x0000000789800000,0x000000078e900000)
 ParOldGen       total 440832K, used 200427K [0x00000006c0000000, 0x00000006dae80000, 0x000000076ab00000)
  object space 440832K, 45% used [0x00000006c0000000,0x00000006cc3bae90,0x00000006dae80000)
 Metaspace       used 50929K, capacity 51704K, committed 51968K, reserved 1095680K
  class space    used 6367K, capacity 6577K, committed 6656K, reserved 1048576K
Event: 66.058 GC heap after
Heap after GC invocations=16 (full 3):
 PSYoungGen      total 587776K, used 23919K [0x000000076ab00000, 0x0000000798700000, 0x00000007c0000000)
  eden space 504832K, 0% used [0x000000076ab00000,0x000000076ab00000,0x0000000789800000)
  from space 82944K, 28% used [0x0000000789800000,0x000000078af5bdb0,0x000000078e900000)
  to   space 79360K, 0% used [0x0000000793980000,0x0000000793980000,0x0000000798700000)
 ParOldGen       total 440832K, used 200435K [0x00000006c0000000, 0x00000006dae80000, 0x000000076ab00000)
  object space 440832K, 45% used [0x00000006c0000000,0x00000006cc3bce90,0x00000006dae80000)
 Metaspace       used 50929K, capacity 51704K, committed 51968K, reserved 1095680K
  class space    used 6367K, capacity 6577K, committed 6656K, reserved 1048576K
}
Event: 140.795 GC heap before
{Heap before GC invocations=17 (full 3):
 PSYoungGen      total 587776K, used 472308K [0x000000076ab00000, 0x0000000798700000, 0x00000007c0000000)
  eden space 504832K, 88% used [0x000000076ab00000,0x00000007860e1308,0x0000000789800000)
  from space 82944K, 28% used [0x0000000789800000,0x000000078af5bdb0,0x000000078e900000)
  to   space 79360K, 0% used [0x0000000793980000,0x0000000793980000,0x0000000798700000)
 ParOldGen       total 440832K, used 200435K [0x00000006c0000000, 0x00000006dae80000, 0x000000076ab00000)
  object space 440832K, 45% used [0x00000006c0000000,0x00000006cc3bce90,0x00000006dae80000)
 Metaspace       used 56674K, capacity 57400K, committed 57600K, reserved 1099776K
  class space    used 7031K, capacity 7281K, committed 7296K, reserved 1048576K
Event: 140.830 GC heap after
Heap after GC invocations=17 (full 3):
 PSYoungGen      total 638464K, used 45315K [0x000000076ab00000, 0x0000000797800000, 0x00000007c0000000)
  eden space 574464K, 0% used [0x000000076ab00000,0x000000076ab00000,0x000000078dc00000)
  from space 64000K, 70% used [0x0000000793980000,0x00000007965c0e80,0x0000000797800000)
  to   space 79872K, 0% used [0x000000078dc00000,0x000000078dc00000,0x0000000792a00000)
 ParOldGen       total 440832K, used 200435K [0x00000006c0000000, 0x00000006dae80000, 0x000000076ab00000)
  object space 440832K, 45% used [0x00000006c0000000,0x00000006cc3bce90,0x00000006dae80000)
 Metaspace       used 56674K, capacity 57400K, committed 57600K, reserved 1099776K
  class space    used 7031K, capacity 7281K, committed 7296K, reserved 1048576K
}
Event: 140.831 GC heap before
{Heap before GC invocations=18 (full 4):
 PSYoungGen      total 638464K, used 45315K [0x000000076ab00000, 0x0000000797800000, 0x00000007c0000000)
  eden space 574464K, 0% used [0x000000076ab00000,0x000000076ab00000,0x000000078dc00000)
  from space 64000K, 70% used [0x0000000793980000,0x00000007965c0e80,0x0000000797800000)
  to   space 79872K, 0% used [0x000000078dc00000,0x000000078dc00000,0x0000000792a00000)
 ParOldGen       total 440832K, used 200435K [0x00000006c0000000, 0x00000006dae80000, 0x000000076ab00000)
  object space 440832K, 45% used [0x00000006c0000000,0x00000006cc3bce90,0x00000006dae80000)
 Metaspace       used 56674K, capacity 57400K, committed 57600K, reserved 1099776K
  class space    used 7031K, capacity 7281K, committed 7296K, reserved 1048576K
Event: 141.022 GC heap after
Heap after GC invocations=18 (full 4):
 PSYoungGen      total 638464K, used 0K [0x000000076ab00000, 0x0000000797800000, 0x00000007c0000000)
  eden space 574464K, 0% used [0x000000076ab00000,0x000000076ab00000,0x000000078dc00000)
  from space 64000K, 0% used [0x0000000793980000,0x0000000793980000,0x0000000797800000)
  to   space 79872K, 0% used [0x000000078dc00000,0x000000078dc00000,0x0000000792a00000)
 ParOldGen       total 494592K, used 189825K [0x00000006c0000000, 0x00000006de300000, 0x000000076ab00000)
  object space 494592K, 38% used [0x00000006c0000000,0x00000006cb9607f8,0x00000006de300000)
 Metaspace       used 56674K, capacity 57400K, committed 57600K, reserved 1099776K
  class space    used 7031K, capacity 7281K, committed 7296K, reserved 1048576K
}
Event: 176.411 GC heap before
{Heap before GC invocations=19 (full 4):
 PSYoungGen      total 638464K, used 574464K [0x000000076ab00000, 0x0000000797800000, 0x00000007c0000000)
  eden space 574464K, 100% used [0x000000076ab00000,0x000000078dc00000,0x000000078dc00000)
  from space 64000K, 0% used [0x0000000793980000,0x0000000793980000,0x0000000797800000)
  to   space 79872K, 0% used [0x000000078dc00000,0x000000078dc00000,0x0000000792a00000)
 ParOldGen       total 494592K, used 189825K [0x00000006c0000000, 0x00000006de300000, 0x000000076ab00000)
  object space 494592K, 38% used [0x00000006c0000000,0x00000006cb9607f8,0x00000006de300000)
 Metaspace       used 70519K, capacity 71304K, committed 71552K, reserved 1112064K
  class space    used 8784K, capacity 9033K, committed 9088K, reserved 1048576K
Event: 176.503 GC heap after
Heap after GC invocations=19 (full 4):
 PSYoungGen      total 654336K, used 79864K [0x000000076ab00000, 0x000000079e680000, 0x00000007c0000000)
  eden space 574464K, 0% used [0x000000076ab00000,0x000000076ab00000,0x000000078dc00000)
  from space 79872K, 99% used [0x000000078dc00000,0x00000007929fe2f8,0x0000000792a00000)
  to   space 95744K, 0% used [0x0000000798900000,0x0000000798900000,0x000000079e680000)
 ParOldGen       total 494592K, used 198272K [0x00000006c0000000, 0x00000006de300000, 0x000000076ab00000)
  object space 494592K, 40% used [0x00000006c0000000,0x00000006cc1a00e8,0x00000006de300000)
 Metaspace       used 70519K, capacity 71304K, committed 71552K, reserved 1112064K
  class space    used 8784K, capacity 9033K, committed 9088K, reserved 1048576K
}
Event: 201.996 GC heap before
{Heap before GC invocations=20 (full 4):
 PSYoungGen      total 654336K, used 654328K [0x000000076ab00000, 0x000000079e680000, 0x00000007c0000000)
  eden space 574464K, 100% used [0x000000076ab00000,0x000000078dc00000,0x000000078dc00000)
  from space 79872K, 99% used [0x000000078dc00000,0x00000007929fe2f8,0x0000000792a00000)
  to   space 95744K, 0% used [0x0000000798900000,0x0000000798900000,0x000000079e680000)
 ParOldGen       total 494592K, used 198272K [0x00000006c0000000, 0x00000006de300000, 0x000000076ab00000)
  object space 494592K, 40% used [0x00000006c0000000,0x00000006cc1a00e8,0x00000006de300000)
 Metaspace       used 73073K, capacity 73954K, committed 74112K, reserved 1114112K
  class space    used 9057K, capacity 9288K, committed 9344K, reserved 1048576K
Event: 202.057 GC heap after
Heap after GC invocations=20 (full 4):
 PSYoungGen      total 732672K, used 95728K [0x000000076ab00000, 0x000000079fe00000, 0x00000007c0000000)
  eden space 636928K, 0% used [0x000000076ab00000,0x000000076ab00000,0x0000000791900000)
  from space 95744K, 99% used [0x0000000798900000,0x000000079e67c1c0,0x000000079e680000)
  to   space 114688K, 0% used [0x0000000791900000,0x0000000791900000,0x0000000798900000)
 ParOldGen       total 494592K, used 206799K [0x00000006c0000000, 0x00000006de300000, 0x000000076ab00000)
  object space 494592K, 41% used [0x00000006c0000000,0x00000006cc9f3c10,0x00000006de300000)
 Metaspace       used 73073K, capacity 73954K, committed 74112K, reserved 1114112K
  class space    used 9057K, capacity 9288K, committed 9344K, reserved 1048576K
}

