# JRE version: Java(TM) SE Runtime Environment (8.0_65-b17) (build 1.8.0_65-b17)
# Java VM: Java HotSpot(TM) 64-Bit Server VM (25.65-b01 mixed mode bsd-amd64 compressed oops)
Heap:
 PSYoungGen      total 916480K, used 267620K [0x000000076ab00000, 0x00000007aa900000, 0x00000007c0000000)
  eden space 797696K, 29% used [0x000000076ab00000,0x000000077927c6c0,0x000000079b600000)
  from space 118784K, 25% used [0x00000007a3500000,0x00000007a52dccb8,0x00000007aa900000)
  to   space 124416K, 0% used [0x000000079b600000,0x000000079b600000,0x00000007a2f80000)
 ParOldGen       total 536576K, used 264719K [0x00000006c0000000, 0x00000006e0c00000, 0x000000076ab00000)
  object space 536576K, 49% used [0x00000006c0000000,0x00000006d0283c08,0x00000006e0c00000)
 Metaspace       used 79207K, capacity 80224K, committed 80384K, reserved 1120256K
  class space    used 9911K, capacity 10205K, committed 10240K, reserved 1048576K
GC Heap History (10 events):
Event: 85.561 GC heap before
{Heap before GC invocations=16 (full 3):
 PSYoungGen      total 628224K, used 558350K [0x000000076ab00000, 0x0000000799380000, 0x00000007c0000000)
  eden space 543232K, 100% used [0x000000076ab00000,0x000000078bd80000,0x000000078bd80000)
  from space 84992K, 17% used [0x0000000794080000,0x0000000794f43b18,0x0000000799380000)
  to   space 109568K, 0% used [0x000000078bd80000,0x000000078bd80000,0x0000000792880000)
 ParOldGen       total 392704K, used 170966K [0x00000006c0000000, 0x00000006d7f80000, 0x000000076ab00000)
  object space 392704K, 43% used [0x00000006c0000000,0x00000006ca6f5920,0x00000006d7f80000)
 Metaspace       used 50947K, capacity 51710K, committed 51968K, reserved 1095680K
  class space    used 6362K, capacity 6578K, committed 6656K, reserved 1048576K
Event: 85.572 GC heap after
Heap after GC invocations=16 (full 3):
 PSYoungGen      total 652800K, used 22574K [0x000000076ab00000, 0x00000007a1a00000, 0x00000007c0000000)
  eden space 543232K, 0% used [0x000000076ab00000,0x000000076ab00000,0x000000078bd80000)
  from space 109568K, 20% used [0x000000078bd80000,0x000000078d38ba30,0x0000000792880000)
  to   space 104960K, 0% used [0x000000079b380000,0x000000079b380000,0x00000007a1a00000)
 ParOldGen       total 392704K, used 170966K [0x00000006c0000000, 0x00000006d7f80000, 0x000000076ab00000)
  object space 392704K, 43% used [0x00000006c0000000,0x00000006ca6f5920,0x00000006d7f80000)
 Metaspace       used 50947K, capacity 51710K, committed 51968K, reserved 1095680K
  class space    used 6362K, capacity 6578K, committed 6656K, reserved 1048576K
}
Event: 173.875 GC heap before
{Heap before GC invocations=17 (full 3):
 PSYoungGen      total 652800K, used 565806K [0x000000076ab00000, 0x00000007a1a00000, 0x00000007c0000000)
  eden space 543232K, 100% used [0x000000076ab00000,0x000000078bd80000,0x000000078bd80000)
  from space 109568K, 20% used [0x000000078bd80000,0x000000078d38ba30,0x0000000792880000)
  to   space 104960K, 0% used [0x000000079b380000,0x000000079b380000,0x00000007a1a00000)
 ParOldGen       total 392704K, used 170966K [0x00000006c0000000, 0x00000006d7f80000, 0x000000076ab00000)
  object space 392704K, 43% used [0x00000006c0000000,0x00000006ca6f5920,0x00000006d7f80000)
 Metaspace       used 61656K, capacity 62442K, committed 62848K, reserved 1103872K
  class space    used 7532K, capacity 7764K, committed 7808K, reserved 1048576K
Event: 173.943 GC heap after
Heap after GC invocations=17 (full 3):
 PSYoungGen      total 757248K, used 65248K [0x000000076ab00000, 0x00000007a0b00000, 0x00000007c0000000)
  eden space 667648K, 0% used [0x000000076ab00000,0x000000076ab00000,0x0000000793700000)
  from space 89600K, 72% used [0x000000079b380000,0x000000079f3381e0,0x00000007a0b00000)
  to   space 108544K, 0% used [0x0000000793700000,0x0000000793700000,0x000000079a100000)
 ParOldGen       total 392704K, used 170966K [0x00000006c0000000, 0x00000006d7f80000, 0x000000076ab00000)
  object space 392704K, 43% used [0x00000006c0000000,0x00000006ca6f5920,0x00000006d7f80000)
 Metaspace       used 61656K, capacity 62442K, committed 62848K, reserved 1103872K
  class space    used 7532K, capacity 7764K, committed 7808K, reserved 1048576K
}
Event: 202.760 GC heap before
{Heap before GC invocations=18 (full 3):
 PSYoungGen      total 757248K, used 395431K [0x000000076ab00000, 0x00000007a0b00000, 0x00000007c0000000)
  eden space 667648K, 49% used [0x000000076ab00000,0x000000077ed71c40,0x0000000793700000)
  from space 89600K, 72% used [0x000000079b380000,0x000000079f3381e0,0x00000007a0b00000)
  to   space 108544K, 0% used [0x0000000793700000,0x0000000793700000,0x000000079a100000)
 ParOldGen       total 392704K, used 170966K [0x00000006c0000000, 0x00000006d7f80000, 0x000000076ab00000)
  object space 392704K, 43% used [0x00000006c0000000,0x00000006ca6f5920,0x00000006d7f80000)
 Metaspace       used 66506K, capacity 67292K, committed 67584K, reserved 1107968K
  class space    used 8131K, capacity 8375K, committed 8448K, reserved 1048576K
Event: 202.842 GC heap after
Heap after GC invocations=18 (full 3):
 PSYoungGen      total 776192K, used 108512K [0x000000076ab00000, 0x00000007ab400000, 0x00000007c0000000)
  eden space 667648K, 0% used [0x000000076ab00000,0x000000076ab00000,0x0000000793700000)
  from space 108544K, 99% used [0x0000000793700000,0x000000079a0f8188,0x000000079a100000)
  to   space 130048K, 0% used [0x00000007a3500000,0x00000007a3500000,0x00000007ab400000)
 ParOldGen       total 392704K, used 177803K [0x00000006c0000000, 0x00000006d7f80000, 0x000000076ab00000)
  object space 392704K, 45% used [0x00000006c0000000,0x00000006cada2d40,0x00000006d7f80000)
 Metaspace       used 66506K, capacity 67292K, committed 67584K, reserved 1107968K
  class space    used 8131K, capacity 8375K, committed 8448K, reserved 1048576K
}
Event: 202.842 GC heap before
{Heap before GC invocations=19 (full 4):
 PSYoungGen      total 776192K, used 108512K [0x000000076ab00000, 0x00000007ab400000, 0x00000007c0000000)
  eden space 667648K, 0% used [0x000000076ab00000,0x000000076ab00000,0x0000000793700000)
  from space 108544K, 99% used [0x0000000793700000,0x000000079a0f8188,0x000000079a100000)
  to   space 130048K, 0% used [0x00000007a3500000,0x00000007a3500000,0x00000007ab400000)
 ParOldGen       total 392704K, used 177803K [0x00000006c0000000, 0x00000006d7f80000, 0x000000076ab00000)
  object space 392704K, 45% used [0x00000006c0000000,0x00000006cada2d40,0x00000006d7f80000)
 Metaspace       used 66506K, capacity 67292K, committed 67584K, reserved 1107968K
  class space    used 8131K, capacity 8375K, committed 8448K, reserved 1048576K
Event: 203.185 GC heap after
Heap after GC invocations=19 (full 4):
 PSYoungGen      total 776192K, used 0K [0x000000076ab00000, 0x00000007ab400000, 0x00000007c0000000)
  eden space 667648K, 0% used [0x000000076ab00000,0x000000076ab00000,0x0000000793700000)
  from space 108544K, 0% used [0x0000000793700000,0x0000000793700000,0x000000079a100000)
  to   space 130048K, 0% used [0x00000007a3500000,0x00000007a3500000,0x00000007ab400000)
 ParOldGen       total 536576K, used 264719K [0x00000006c0000000, 0x00000006e0c00000, 0x000000076ab00000)
  object space 536576K, 49% used [0x00000006c0000000,0x00000006d0283c08,0x00000006e0c00000)
 Metaspace       used 66506K, capacity 67292K, committed 67584K, reserved 1107968K
  class space    used 8131K, capacity 8375K, committed 8448K, reserved 1048576K
}
Event: 236.140 GC heap before
{Heap before GC invocations=20 (full 4):
 PSYoungGen      total 776192K, used 667648K [0x000000076ab00000, 0x00000007ab400000, 0x00000007c0000000)
  eden space 667648K, 100% used [0x000000076ab00000,0x0000000793700000,0x0000000793700000)
  from space 108544K, 0% used [0x0000000793700000,0x0000000793700000,0x000000079a100000)
  to   space 130048K, 0% used [0x00000007a3500000,0x00000007a3500000,0x00000007ab400000)
 ParOldGen       total 536576K, used 264719K [0x00000006c0000000, 0x00000006e0c00000, 0x000000076ab00000)
  object space 536576K, 49% used [0x00000006c0000000,0x00000006d0283c08,0x00000006e0c00000)
 Metaspace       used 73124K, capacity 73960K, committed 74112K, reserved 1114112K
  class space    used 9060K, capacity 9289K, committed 9344K, reserved 1048576K
Event: 236.170 GC heap after
Heap after GC invocations=20 (full 4):
 PSYoungGen      total 916480K, used 30579K [0x000000076ab00000, 0x00000007aa900000, 0x00000007c0000000)
  eden space 797696K, 0% used [0x000000076ab00000,0x000000076ab00000,0x000000079b600000)
  from space 118784K, 25% used [0x00000007a3500000,0x00000007a52dccb8,0x00000007aa900000)
  to   space 124416K, 0% used [0x000000079b600000,0x000000079b600000,0x00000007a2f80000)
 ParOldGen       total 536576K, used 264719K [0x00000006c0000000, 0x00000006e0c00000, 0x000000076ab00000)
  object space 536576K, 49% used [0x00000006c0000000,0x00000006d0283c08,0x00000006e0c00000)
 Metaspace       used 73124K, capacity 73960K, committed 74112K, reserved 1114112K
  class space    used 9060K, capacity 9289K, committed 9344K, reserved 1048576K
}

