# JRE version: Java(TM) SE Runtime Environment (8.0_65-b17) (build 1.8.0_65-b17)
# Java VM: Java HotSpot(TM) 64-Bit Server VM (25.65-b01 mixed mode bsd-amd64 compressed oops)
Heap:
 PSYoungGen      total 713216K, used 302304K [0x000000076ab00000, 0x000000079ec00000, 0x00000007c0000000)
  eden space 617472K, 33% used [0x000000076ab00000,0x00000007774b9320,0x0000000790600000)
  from space 95744K, 99% used [0x0000000797580000,0x000000079d2feee8,0x000000079d300000)
  to   space 114176K, 0% used [0x0000000790600000,0x0000000790600000,0x0000000797580000)
 ParOldGen       total 502784K, used 204344K [0x00000006c0000000, 0x00000006deb00000, 0x000000076ab00000)
  object space 502784K, 40% used [0x00000006c0000000,0x00000006cc78e3f0,0x00000006deb00000)
 Metaspace       used 79186K, capacity 80154K, committed 80428K, reserved 1120256K
  class space    used 9909K, capacity 10204K, committed 10284K, reserved 1048576K
GC Heap History (10 events):
Event: 71.818 GC heap before
{Heap before GC invocations=16 (full 3):
 PSYoungGen      total 564224K, used 520982K [0x000000076ab00000, 0x0000000793600000, 0x00000007c0000000)
  eden space 500736K, 100% used [0x000000076ab00000,0x0000000789400000,0x0000000789400000)
  from space 63488K, 31% used [0x000000078f800000,0x0000000790bc5978,0x0000000793600000)
  to   space 82944K, 0% used [0x0000000789400000,0x0000000789400000,0x000000078e500000)
 ParOldGen       total 440320K, used 199350K [0x00000006c0000000, 0x00000006dae00000, 0x000000076ab00000)
  object space 440320K, 45% used [0x00000006c0000000,0x00000006cc2ada10,0x00000006dae00000)
 Metaspace       used 50931K, capacity 51640K, committed 51968K, reserved 1095680K
  class space    used 6362K, capacity 6577K, committed 6656K, reserved 1048576K
Event: 71.834 GC heap after
Heap after GC invocations=16 (full 3):
 PSYoungGen      total 583680K, used 24049K [0x000000076ab00000, 0x0000000797b00000, 0x00000007c0000000)
  eden space 500736K, 0% used [0x000000076ab00000,0x000000076ab00000,0x0000000789400000)
  from space 82944K, 28% used [0x0000000789400000,0x000000078ab7c4e0,0x000000078e500000)
  to   space 79360K, 0% used [0x0000000792d80000,0x0000000792d80000,0x0000000797b00000)
 ParOldGen       total 440320K, used 199358K [0x00000006c0000000, 0x00000006dae00000, 0x000000076ab00000)
  object space 440320K, 45% used [0x00000006c0000000,0x00000006cc2afa10,0x00000006dae00000)
 Metaspace       used 50931K, capacity 51640K, committed 51968K, reserved 1095680K
  class space    used 6362K, capacity 6577K, committed 6656K, reserved 1048576K
}
Event: 149.880 GC heap before
{Heap before GC invocations=17 (full 3):
 PSYoungGen      total 583680K, used 482737K [0x000000076ab00000, 0x0000000797b00000, 0x00000007c0000000)
  eden space 500736K, 91% used [0x000000076ab00000,0x0000000786af0118,0x0000000789400000)
  from space 82944K, 28% used [0x0000000789400000,0x000000078ab7c4e0,0x000000078e500000)
  to   space 79360K, 0% used [0x0000000792d80000,0x0000000792d80000,0x0000000797b00000)
 ParOldGen       total 440320K, used 199358K [0x00000006c0000000, 0x00000006dae00000, 0x000000076ab00000)
  object space 440320K, 45% used [0x00000006c0000000,0x00000006cc2afa10,0x00000006dae00000)
 Metaspace       used 57093K, capacity 57816K, committed 58028K, reserved 1099776K
  class space    used 7075K, capacity 7313K, committed 7340K, reserved 1048576K
Event: 149.917 GC heap after
Heap after GC invocations=17 (full 3):
 PSYoungGen      total 632320K, used 50200K [0x000000076ab00000, 0x0000000797080000, 0x00000007c0000000)
  eden space 563712K, 0% used [0x000000076ab00000,0x000000076ab00000,0x000000078d180000)
  from space 68608K, 73% used [0x0000000792d80000,0x0000000795e86198,0x0000000797080000)
  to   space 81408K, 0% used [0x000000078d180000,0x000000078d180000,0x0000000792100000)
 ParOldGen       total 440320K, used 199358K [0x00000006c0000000, 0x00000006dae00000, 0x000000076ab00000)
  object space 440320K, 45% used [0x00000006c0000000,0x00000006cc2afa10,0x00000006dae00000)
 Metaspace       used 57093K, capacity 57816K, committed 58028K, reserved 1099776K
  class space    used 7075K, capacity 7313K, committed 7340K, reserved 1048576K
}
Event: 149.917 GC heap before
{Heap before GC invocations=18 (full 4):
 PSYoungGen      total 632320K, used 50200K [0x000000076ab00000, 0x0000000797080000, 0x00000007c0000000)
  eden space 563712K, 0% used [0x000000076ab00000,0x000000076ab00000,0x000000078d180000)
  from space 68608K, 73% used [0x0000000792d80000,0x0000000795e86198,0x0000000797080000)
  to   space 81408K, 0% used [0x000000078d180000,0x000000078d180000,0x0000000792100000)
 ParOldGen       total 440320K, used 199358K [0x00000006c0000000, 0x00000006dae00000, 0x000000076ab00000)
  object space 440320K, 45% used [0x00000006c0000000,0x00000006cc2afa10,0x00000006dae00000)
 Metaspace       used 57093K, capacity 57816K, committed 58028K, reserved 1099776K
  class space    used 7075K, capacity 7313K, committed 7340K, reserved 1048576K
Event: 150.125 GC heap after
Heap after GC invocations=18 (full 4):
 PSYoungGen      total 632320K, used 0K [0x000000076ab00000, 0x0000000797080000, 0x00000007c0000000)
  eden space 563712K, 0% used [0x000000076ab00000,0x000000076ab00000,0x000000078d180000)
  from space 68608K, 0% used [0x0000000792d80000,0x0000000792d80000,0x0000000797080000)
  to   space 81408K, 0% used [0x000000078d180000,0x000000078d180000,0x0000000792100000)
 ParOldGen       total 502784K, used 194822K [0x00000006c0000000, 0x00000006deb00000, 0x000000076ab00000)
  object space 502784K, 38% used [0x00000006c0000000,0x00000006cbe41830,0x00000006deb00000)
 Metaspace       used 57093K, capacity 57816K, committed 58028K, reserved 1099776K
  class space    used 7075K, capacity 7313K, committed 7340K, reserved 1048576K
}
Event: 188.338 GC heap before
{Heap before GC invocations=19 (full 4):
 PSYoungGen      total 632320K, used 563712K [0x000000076ab00000, 0x0000000797080000, 0x00000007c0000000)
  eden space 563712K, 100% used [0x000000076ab00000,0x000000078d180000,0x000000078d180000)
  from space 68608K, 0% used [0x0000000792d80000,0x0000000792d80000,0x0000000797080000)
  to   space 81408K, 0% used [0x000000078d180000,0x000000078d180000,0x0000000792100000)
 ParOldGen       total 502784K, used 194822K [0x00000006c0000000, 0x00000006deb00000, 0x000000076ab00000)
  object space 502784K, 38% used [0x00000006c0000000,0x00000006cbe41830,0x00000006deb00000)
 Metaspace       used 70806K, capacity 71706K, committed 72108K, reserved 1112064K
  class space    used 8842K, capacity 9100K, committed 9132K, reserved 1048576K
Event: 188.413 GC heap after
Heap after GC invocations=19 (full 4):
 PSYoungGen      total 645120K, used 81405K [0x000000076ab00000, 0x000000079d300000, 0x00000007c0000000)
  eden space 563712K, 0% used [0x000000076ab00000,0x000000076ab00000,0x000000078d180000)
  from space 81408K, 99% used [0x000000078d180000,0x00000007920ff488,0x0000000792100000)
  to   space 95744K, 0% used [0x0000000797580000,0x0000000797580000,0x000000079d300000)
 ParOldGen       total 502784K, used 197850K [0x00000006c0000000, 0x00000006deb00000, 0x000000076ab00000)
  object space 502784K, 39% used [0x00000006c0000000,0x00000006cc136a90,0x00000006deb00000)
 Metaspace       used 70806K, capacity 71706K, committed 72108K, reserved 1112064K
  class space    used 8842K, capacity 9100K, committed 9132K, reserved 1048576K
}
Event: 213.064 GC heap before
{Heap before GC invocations=20 (full 4):
 PSYoungGen      total 645120K, used 645117K [0x000000076ab00000, 0x000000079d300000, 0x00000007c0000000)
  eden space 563712K, 100% used [0x000000076ab00000,0x000000078d180000,0x000000078d180000)
  from space 81408K, 99% used [0x000000078d180000,0x00000007920ff488,0x0000000792100000)
  to   space 95744K, 0% used [0x0000000797580000,0x0000000797580000,0x000000079d300000)
 ParOldGen       total 502784K, used 197850K [0x00000006c0000000, 0x00000006deb00000, 0x000000076ab00000)
  object space 502784K, 39% used [0x00000006c0000000,0x00000006cc136a90,0x00000006deb00000)
 Metaspace       used 73090K, capacity 73954K, committed 74156K, reserved 1114112K
  class space    used 9060K, capacity 9288K, committed 9388K, reserved 1048576K
Event: 213.146 GC heap after
Heap after GC invocations=20 (full 4):
 PSYoungGen      total 713216K, used 95739K [0x000000076ab00000, 0x000000079ec00000, 0x00000007c0000000)
  eden space 617472K, 0% used [0x000000076ab00000,0x000000076ab00000,0x0000000790600000)
  from space 95744K, 99% used [0x0000000797580000,0x000000079d2feee8,0x000000079d300000)
  to   space 114176K, 0% used [0x0000000790600000,0x0000000790600000,0x0000000797580000)
 ParOldGen       total 502784K, used 204344K [0x00000006c0000000, 0x00000006deb00000, 0x000000076ab00000)
  object space 502784K, 40% used [0x00000006c0000000,0x00000006cc78e3f0,0x00000006deb00000)
 Metaspace       used 73090K, capacity 73954K, committed 74156K, reserved 1114112K
  class space    used 9060K, capacity 9288K, committed 9388K, reserved 1048576K
}

