# JRE version: Java(TM) SE Runtime Environment (8.0_65-b17) (build 1.8.0_65-b17)
# Java VM: Java HotSpot(TM) 64-Bit Server VM (25.65-b01 mixed mode bsd-amd64 compressed oops)
Heap:
 PSYoungGen      total 735232K, used 322273K [0x000000076ab00000, 0x00000007a0100000, 0x00000007c0000000)
  eden space 638464K, 35% used [0x000000076ab00000,0x000000077873b040,0x0000000791a80000)
  from space 96768K, 99% used [0x0000000798b80000,0x000000079e9fd438,0x000000079ea00000)
  to   space 115712K, 0% used [0x0000000791a80000,0x0000000791a80000,0x0000000798b80000)
 ParOldGen       total 497664K, used 207927K [0x00000006c0000000, 0x00000006de600000, 0x000000076ab00000)
  object space 497664K, 41% used [0x00000006c0000000,0x00000006ccb0dde0,0x00000006de600000)
 Metaspace       used 79234K, capacity 80230K, committed 80384K, reserved 1120256K
  class space    used 9912K, capacity 10206K, committed 10240K, reserved 1048576K
GC Heap History (10 events):
Event: 61.110 GC heap before
{Heap before GC invocations=16 (full 3):
 PSYoungGen      total 562176K, used 516642K [0x000000076ab00000, 0x0000000793500000, 0x00000007c0000000)
  eden space 497664K, 100% used [0x000000076ab00000,0x0000000789100000,0x0000000789100000)
  from space 64512K, 29% used [0x000000078f600000,0x0000000790888950,0x0000000793500000)
  to   space 83968K, 0% used [0x0000000789100000,0x0000000789100000,0x000000078e300000)
 ParOldGen       total 445952K, used 202390K [0x00000006c0000000, 0x00000006db380000, 0x000000076ab00000)
  object space 445952K, 45% used [0x00000006c0000000,0x00000006cc5a5b30,0x00000006db380000)
 Metaspace       used 50942K, capacity 51704K, committed 51968K, reserved 1095680K
  class space    used 6358K, capacity 6577K, committed 6656K, reserved 1048576K
Event: 61.127 GC heap after
Heap after GC invocations=16 (full 3):
 PSYoungGen      total 581632K, used 23135K [0x000000076ab00000, 0x0000000798600000, 0x00000007c0000000)
  eden space 497664K, 0% used [0x000000076ab00000,0x000000076ab00000,0x0000000789100000)
  from space 83968K, 27% used [0x0000000789100000,0x000000078a797ca8,0x000000078e300000)
  to   space 80384K, 0% used [0x0000000793780000,0x0000000793780000,0x0000000798600000)
 ParOldGen       total 445952K, used 202398K [0x00000006c0000000, 0x00000006db380000, 0x000000076ab00000)
  object space 445952K, 45% used [0x00000006c0000000,0x00000006cc5a7b30,0x00000006db380000)
 Metaspace       used 50942K, capacity 51704K, committed 51968K, reserved 1095680K
  class space    used 6358K, capacity 6577K, committed 6656K, reserved 1048576K
}
Event: 140.117 GC heap before
{Heap before GC invocations=17 (full 3):
 PSYoungGen      total 581632K, used 510236K [0x000000076ab00000, 0x0000000798600000, 0x00000007c0000000)
  eden space 497664K, 97% used [0x000000076ab00000,0x00000007886af470,0x0000000789100000)
  from space 83968K, 27% used [0x0000000789100000,0x000000078a797ca8,0x000000078e300000)
  to   space 80384K, 0% used [0x0000000793780000,0x0000000793780000,0x0000000798600000)
 ParOldGen       total 445952K, used 202398K [0x00000006c0000000, 0x00000006db380000, 0x000000076ab00000)
  object space 445952K, 45% used [0x00000006c0000000,0x00000006cc5a7b30,0x00000006db380000)
 Metaspace       used 56650K, capacity 57400K, committed 57600K, reserved 1099776K
  class space    used 7031K, capacity 7281K, committed 7296K, reserved 1048576K
Event: 140.169 GC heap after
Heap after GC invocations=17 (full 3):
 PSYoungGen      total 636416K, used 45734K [0x000000076ab00000, 0x0000000797700000, 0x00000007c0000000)
  eden space 571392K, 0% used [0x000000076ab00000,0x000000076ab00000,0x000000078d900000)
  from space 65024K, 70% used [0x0000000793780000,0x00000007964299f0,0x0000000797700000)
  to   space 80896K, 0% used [0x000000078d900000,0x000000078d900000,0x0000000792800000)
 ParOldGen       total 445952K, used 202406K [0x00000006c0000000, 0x00000006db380000, 0x000000076ab00000)
  object space 445952K, 45% used [0x00000006c0000000,0x00000006cc5a9b30,0x00000006db380000)
 Metaspace       used 56650K, capacity 57400K, committed 57600K, reserved 1099776K
  class space    used 7031K, capacity 7281K, committed 7296K, reserved 1048576K
}
Event: 140.169 GC heap before
{Heap before GC invocations=18 (full 4):
 PSYoungGen      total 636416K, used 45734K [0x000000076ab00000, 0x0000000797700000, 0x00000007c0000000)
  eden space 571392K, 0% used [0x000000076ab00000,0x000000076ab00000,0x000000078d900000)
  from space 65024K, 70% used [0x0000000793780000,0x00000007964299f0,0x0000000797700000)
  to   space 80896K, 0% used [0x000000078d900000,0x000000078d900000,0x0000000792800000)
 ParOldGen       total 445952K, used 202406K [0x00000006c0000000, 0x00000006db380000, 0x000000076ab00000)
  object space 445952K, 45% used [0x00000006c0000000,0x00000006cc5a9b30,0x00000006db380000)
 Metaspace       used 56650K, capacity 57400K, committed 57600K, reserved 1099776K
  class space    used 7031K, capacity 7281K, committed 7296K, reserved 1048576K
Event: 140.385 GC heap after
Heap after GC invocations=18 (full 4):
 PSYoungGen      total 636416K, used 0K [0x000000076ab00000, 0x0000000797700000, 0x00000007c0000000)
  eden space 571392K, 0% used [0x000000076ab00000,0x000000076ab00000,0x000000078d900000)
  from space 65024K, 0% used [0x0000000793780000,0x0000000793780000,0x0000000797700000)
  to   space 80896K, 0% used [0x000000078d900000,0x000000078d900000,0x0000000792800000)
 ParOldGen       total 497664K, used 192005K [0x00000006c0000000, 0x00000006de600000, 0x000000076ab00000)
  object space 497664K, 38% used [0x00000006c0000000,0x00000006cbb81710,0x00000006de600000)
 Metaspace       used 56650K, capacity 57400K, committed 57600K, reserved 1099776K
  class space    used 7031K, capacity 7281K, committed 7296K, reserved 1048576K
}
Event: 174.862 GC heap before
{Heap before GC invocations=19 (full 4):
 PSYoungGen      total 636416K, used 571392K [0x000000076ab00000, 0x0000000797700000, 0x00000007c0000000)
  eden space 571392K, 100% used [0x000000076ab00000,0x000000078d900000,0x000000078d900000)
  from space 65024K, 0% used [0x0000000793780000,0x0000000793780000,0x0000000797700000)
  to   space 80896K, 0% used [0x000000078d900000,0x000000078d900000,0x0000000792800000)
 ParOldGen       total 497664K, used 192005K [0x00000006c0000000, 0x00000006de600000, 0x000000076ab00000)
  object space 497664K, 38% used [0x00000006c0000000,0x00000006cbb81710,0x00000006de600000)
 Metaspace       used 70531K, capacity 71326K, committed 71808K, reserved 1112064K
  class space    used 8804K, capacity 9026K, committed 9088K, reserved 1048576K
Event: 174.927 GC heap after
Heap after GC invocations=19 (full 4):
 PSYoungGen      total 652288K, used 80872K [0x000000076ab00000, 0x000000079ea00000, 0x00000007c0000000)
  eden space 571392K, 0% used [0x000000076ab00000,0x000000076ab00000,0x000000078d900000)
  from space 80896K, 99% used [0x000000078d900000,0x00000007927fa2e8,0x0000000792800000)
  to   space 96768K, 0% used [0x0000000798b80000,0x0000000798b80000,0x000000079ea00000)
 ParOldGen       total 497664K, used 198804K [0x00000006c0000000, 0x00000006de600000, 0x000000076ab00000)
  object space 497664K, 39% used [0x00000006c0000000,0x00000006cc225238,0x00000006de600000)
 Metaspace       used 70531K, capacity 71326K, committed 71808K, reserved 1112064K
  class space    used 8804K, capacity 9026K, committed 9088K, reserved 1048576K
}
Event: 199.618 GC heap before
{Heap before GC invocations=20 (full 4):
 PSYoungGen      total 652288K, used 652264K [0x000000076ab00000, 0x000000079ea00000, 0x00000007c0000000)
  eden space 571392K, 100% used [0x000000076ab00000,0x000000078d900000,0x000000078d900000)
  from space 80896K, 99% used [0x000000078d900000,0x00000007927fa2e8,0x0000000792800000)
  to   space 96768K, 0% used [0x0000000798b80000,0x0000000798b80000,0x000000079ea00000)
 ParOldGen       total 497664K, used 198804K [0x00000006c0000000, 0x00000006de600000, 0x000000076ab00000)
  object space 497664K, 39% used [0x00000006c0000000,0x00000006cc225238,0x00000006de600000)
 Metaspace       used 73129K, capacity 74018K, committed 74368K, reserved 1114112K
  class space    used 9061K, capacity 9288K, committed 9344K, reserved 1048576K
Event: 199.688 GC heap after
Heap after GC invocations=20 (full 4):
 PSYoungGen      total 735232K, used 96757K [0x000000076ab00000, 0x00000007a0100000, 0x00000007c0000000)
  eden space 638464K, 0% used [0x000000076ab00000,0x000000076ab00000,0x0000000791a80000)
  from space 96768K, 99% used [0x0000000798b80000,0x000000079e9fd438,0x000000079ea00000)
  to   space 115712K, 0% used [0x0000000791a80000,0x0000000791a80000,0x0000000798b80000)
 ParOldGen       total 497664K, used 207927K [0x00000006c0000000, 0x00000006de600000, 0x000000076ab00000)
  object space 497664K, 41% used [0x00000006c0000000,0x00000006ccb0dde0,0x00000006de600000)
 Metaspace       used 73129K, capacity 74018K, committed 74368K, reserved 1114112K
  class space    used 9061K, capacity 9288K, committed 9344K, reserved 1048576K
}

