# JRE version: Java(TM) SE Runtime Environment (8.0_65-b17) (build 1.8.0_65-b17)
# Java VM: Java HotSpot(TM) 64-Bit Server VM (25.65-b01 mixed mode bsd-amd64 compressed oops)
Heap:
 PSYoungGen      total 741888K, used 313420K [0x000000076ab00000, 0x00000007a0700000, 0x00000007c0000000)
  eden space 644608K, 33% used [0x000000076ab00000,0x0000000777e13f48,0x0000000792080000)
  from space 97280K, 99% used [0x0000000799180000,0x000000079f07f2d8,0x000000079f080000)
  to   space 115712K, 0% used [0x0000000792080000,0x0000000792080000,0x0000000799180000)
 ParOldGen       total 501248K, used 207507K [0x00000006c0000000, 0x00000006de980000, 0x000000076ab00000)
  object space 501248K, 41% used [0x00000006c0000000,0x00000006ccaa4c70,0x00000006de980000)
 Metaspace       used 79172K, capacity 80154K, committed 80384K, reserved 1120256K
  class space    used 9912K, capacity 10204K, committed 10240K, reserved 1048576K
GC Heap History (10 events):
Event: 63.033 GC heap before
{Heap before GC invocations=16 (full 3):
 PSYoungGen      total 569344K, used 525958K [0x000000076ab00000, 0x0000000793c80000, 0x00000007c0000000)
  eden space 505344K, 100% used [0x000000076ab00000,0x0000000789880000,0x0000000789880000)
  from space 64000K, 32% used [0x000000078fe00000,0x00000007912219c0,0x0000000793c80000)
  to   space 83968K, 0% used [0x0000000789880000,0x0000000789880000,0x000000078ea80000)
 ParOldGen       total 447488K, used 203252K [0x00000006c0000000, 0x00000006db500000, 0x000000076ab00000)
  object space 447488K, 45% used [0x00000006c0000000,0x00000006cc67d0c8,0x00000006db500000)
 Metaspace       used 50905K, capacity 51640K, committed 51968K, reserved 1095680K
  class space    used 6366K, capacity 6577K, committed 6656K, reserved 1048576K
Event: 63.048 GC heap after
Heap after GC invocations=16 (full 3):
 PSYoungGen      total 589312K, used 24404K [0x000000076ab00000, 0x0000000798d00000, 0x00000007c0000000)
  eden space 505344K, 0% used [0x000000076ab00000,0x000000076ab00000,0x0000000789880000)
  from space 83968K, 29% used [0x0000000789880000,0x000000078b0552b0,0x000000078ea80000)
  to   space 80384K, 0% used [0x0000000793e80000,0x0000000793e80000,0x0000000798d00000)
 ParOldGen       total 447488K, used 203252K [0x00000006c0000000, 0x00000006db500000, 0x000000076ab00000)
  object space 447488K, 45% used [0x00000006c0000000,0x00000006cc67d0c8,0x00000006db500000)
 Metaspace       used 50905K, capacity 51640K, committed 51968K, reserved 1095680K
  class space    used 6366K, capacity 6577K, committed 6656K, reserved 1048576K
}
Event: 140.105 GC heap before
{Heap before GC invocations=17 (full 3):
 PSYoungGen      total 589312K, used 481246K [0x000000076ab00000, 0x0000000798d00000, 0x00000007c0000000)
  eden space 505344K, 90% used [0x000000076ab00000,0x00000007869228f0,0x0000000789880000)
  from space 83968K, 29% used [0x0000000789880000,0x000000078b0552b0,0x000000078ea80000)
  to   space 80384K, 0% used [0x0000000793e80000,0x0000000793e80000,0x0000000798d00000)
 ParOldGen       total 447488K, used 203252K [0x00000006c0000000, 0x00000006db500000, 0x000000076ab00000)
  object space 447488K, 45% used [0x00000006c0000000,0x00000006cc67d0c8,0x00000006db500000)
 Metaspace       used 56682K, capacity 57400K, committed 57600K, reserved 1099776K
  class space    used 7038K, capacity 7281K, committed 7296K, reserved 1048576K
Event: 140.134 GC heap after
Heap after GC invocations=17 (full 3):
 PSYoungGen      total 643584K, used 46645K [0x000000076ab00000, 0x0000000797e00000, 0x00000007c0000000)
  eden space 578560K, 0% used [0x000000076ab00000,0x000000076ab00000,0x000000078e000000)
  from space 65024K, 71% used [0x0000000793e80000,0x0000000796c0d630,0x0000000797e00000)
  to   space 80896K, 0% used [0x000000078e000000,0x000000078e000000,0x0000000792f00000)
 ParOldGen       total 447488K, used 203252K [0x00000006c0000000, 0x00000006db500000, 0x000000076ab00000)
  object space 447488K, 45% used [0x00000006c0000000,0x00000006cc67d0c8,0x00000006db500000)
 Metaspace       used 56682K, capacity 57400K, committed 57600K, reserved 1099776K
  class space    used 7038K, capacity 7281K, committed 7296K, reserved 1048576K
}
Event: 140.134 GC heap before
{Heap before GC invocations=18 (full 4):
 PSYoungGen      total 643584K, used 46645K [0x000000076ab00000, 0x0000000797e00000, 0x00000007c0000000)
  eden space 578560K, 0% used [0x000000076ab00000,0x000000076ab00000,0x000000078e000000)
  from space 65024K, 71% used [0x0000000793e80000,0x0000000796c0d630,0x0000000797e00000)
  to   space 80896K, 0% used [0x000000078e000000,0x000000078e000000,0x0000000792f00000)
 ParOldGen       total 447488K, used 203252K [0x00000006c0000000, 0x00000006db500000, 0x000000076ab00000)
  object space 447488K, 45% used [0x00000006c0000000,0x00000006cc67d0c8,0x00000006db500000)
 Metaspace       used 56682K, capacity 57400K, committed 57600K, reserved 1099776K
  class space    used 7038K, capacity 7281K, committed 7296K, reserved 1048576K
Event: 140.317 GC heap after
Heap after GC invocations=18 (full 4):
 PSYoungGen      total 643584K, used 0K [0x000000076ab00000, 0x0000000797e00000, 0x00000007c0000000)
  eden space 578560K, 0% used [0x000000076ab00000,0x000000076ab00000,0x000000078e000000)
  from space 65024K, 0% used [0x0000000793e80000,0x0000000793e80000,0x0000000797e00000)
  to   space 80896K, 0% used [0x000000078e000000,0x000000078e000000,0x0000000792f00000)
 ParOldGen       total 501248K, used 192068K [0x00000006c0000000, 0x00000006de980000, 0x000000076ab00000)
  object space 501248K, 38% used [0x00000006c0000000,0x00000006cbb91098,0x00000006de980000)
 Metaspace       used 56682K, capacity 57400K, committed 57600K, reserved 1099776K
  class space    used 7038K, capacity 7281K, committed 7296K, reserved 1048576K
}
Event: 175.423 GC heap before
{Heap before GC invocations=19 (full 4):
 PSYoungGen      total 643584K, used 578560K [0x000000076ab00000, 0x0000000797e00000, 0x00000007c0000000)
  eden space 578560K, 100% used [0x000000076ab00000,0x000000078e000000,0x000000078e000000)
  from space 65024K, 0% used [0x0000000793e80000,0x0000000793e80000,0x0000000797e00000)
  to   space 80896K, 0% used [0x000000078e000000,0x000000078e000000,0x0000000792f00000)
 ParOldGen       total 501248K, used 192068K [0x00000006c0000000, 0x00000006de980000, 0x000000076ab00000)
  object space 501248K, 38% used [0x00000006c0000000,0x00000006cbb91098,0x00000006de980000)
 Metaspace       used 70491K, capacity 71368K, committed 71680K, reserved 1112064K
  class space    used 8829K, capacity 9097K, committed 9216K, reserved 1048576K
Event: 175.473 GC heap after
Heap after GC invocations=19 (full 4):
 PSYoungGen      total 659456K, used 80872K [0x000000076ab00000, 0x000000079f080000, 0x00000007c0000000)
  eden space 578560K, 0% used [0x000000076ab00000,0x000000076ab00000,0x000000078e000000)
  from space 80896K, 99% used [0x000000078e000000,0x0000000792efa2c8,0x0000000792f00000)
  to   space 97280K, 0% used [0x0000000799180000,0x0000000799180000,0x000000079f080000)
 ParOldGen       total 501248K, used 200352K [0x00000006c0000000, 0x00000006de980000, 0x000000076ab00000)
  object space 501248K, 39% used [0x00000006c0000000,0x00000006cc3a8180,0x00000006de980000)
 Metaspace       used 70491K, capacity 71368K, committed 71680K, reserved 1112064K
  class space    used 8829K, capacity 9097K, committed 9216K, reserved 1048576K
}
Event: 200.444 GC heap before
{Heap before GC invocations=20 (full 4):
 PSYoungGen      total 659456K, used 659432K [0x000000076ab00000, 0x000000079f080000, 0x00000007c0000000)
  eden space 578560K, 100% used [0x000000076ab00000,0x000000078e000000,0x000000078e000000)
  from space 80896K, 99% used [0x000000078e000000,0x0000000792efa2c8,0x0000000792f00000)
  to   space 97280K, 0% used [0x0000000799180000,0x0000000799180000,0x000000079f080000)
 ParOldGen       total 501248K, used 200352K [0x00000006c0000000, 0x00000006de980000, 0x000000076ab00000)
  object space 501248K, 39% used [0x00000006c0000000,0x00000006cc3a8180,0x00000006de980000)
 Metaspace       used 73066K, capacity 73890K, committed 74112K, reserved 1114112K
  class space    used 9061K, capacity 9288K, committed 9344K, reserved 1048576K
Event: 200.515 GC heap after
Heap after GC invocations=20 (full 4):
 PSYoungGen      total 741888K, used 97276K [0x000000076ab00000, 0x00000007a0700000, 0x00000007c0000000)
  eden space 644608K, 0% used [0x000000076ab00000,0x000000076ab00000,0x0000000792080000)
  from space 97280K, 99% used [0x0000000799180000,0x000000079f07f2d8,0x000000079f080000)
  to   space 115712K, 0% used [0x0000000792080000,0x0000000792080000,0x0000000799180000)
 ParOldGen       total 501248K, used 207507K [0x00000006c0000000, 0x00000006de980000, 0x000000076ab00000)
  object space 501248K, 41% used [0x00000006c0000000,0x00000006ccaa4c70,0x00000006de980000)
 Metaspace       used 73066K, capacity 73890K, committed 74112K, reserved 1114112K
  class space    used 9061K, capacity 9288K, committed 9344K, reserved 1048576K
}

