# JRE version: Java(TM) SE Runtime Environment (8.0_65-b17) (build 1.8.0_65-b17)
# Java VM: Java HotSpot(TM) 64-Bit Server VM (25.65-b01 mixed mode bsd-amd64 compressed oops)
Heap:
 PSYoungGen      total 873472K, used 274002K [0x000000076ab00000, 0x00000007a7900000, 0x00000007c0000000)
  eden space 771072K, 24% used [0x000000076ab00000,0x00000007761b22f8,0x0000000799c00000)
  from space 102400K, 84% used [0x00000007a0e00000,0x00000007a62e2618,0x00000007a7200000)
  to   space 113152K, 0% used [0x0000000799c00000,0x0000000799c00000,0x00000007a0a80000)
 ParOldGen       total 479232K, used 218975K [0x00000006c0000000, 0x00000006dd400000, 0x000000076ab00000)
  object space 479232K, 45% used [0x00000006c0000000,0x00000006cd5d7f58,0x00000006dd400000)
 Metaspace       used 79311K, capacity 80282K, committed 80384K, reserved 1120256K
  class space    used 9912K, capacity 10204K, committed 10240K, reserved 1048576K
GC Heap History (10 events):
Event: 107.591 GC heap before
{Heap before GC invocations=16 (full 3):
 PSYoungGen      total 615936K, used 574401K [0x000000076ab00000, 0x0000000796b00000, 0x00000007c0000000)
  eden space 553984K, 100% used [0x000000076ab00000,0x000000078c800000,0x000000078c800000)
  from space 61952K, 32% used [0x0000000792e80000,0x0000000794270740,0x0000000796b00000)
  to   space 83456K, 0% used [0x000000078c800000,0x000000078c800000,0x0000000791980000)
 ParOldGen       total 431104K, used 202161K [0x00000006c0000000, 0x00000006da500000, 0x000000076ab00000)
  object space 431104K, 46% used [0x00000006c0000000,0x00000006cc56c438,0x00000006da500000)
 Metaspace       used 51045K, capacity 51768K, committed 52224K, reserved 1095680K
  class space    used 6365K, capacity 6577K, committed 6656K, reserved 1048576K
Event: 107.613 GC heap after
Heap after GC invocations=16 (full 3):
 PSYoungGen      total 637440K, used 30399K [0x000000076ab00000, 0x000000079dd80000, 0x00000007c0000000)
  eden space 553984K, 0% used [0x000000076ab00000,0x000000076ab00000,0x000000078c800000)
  from space 83456K, 36% used [0x000000078c800000,0x000000078e5afcd8,0x0000000791980000)
  to   space 78848K, 0% used [0x0000000799080000,0x0000000799080000,0x000000079dd80000)
 ParOldGen       total 431104K, used 202161K [0x00000006c0000000, 0x00000006da500000, 0x000000076ab00000)
  object space 431104K, 46% used [0x00000006c0000000,0x00000006cc56c438,0x00000006da500000)
 Metaspace       used 51045K, capacity 51768K, committed 52224K, reserved 1095680K
  class space    used 6365K, capacity 6577K, committed 6656K, reserved 1048576K
}
Event: 171.620 GC heap before
{Heap before GC invocations=17 (full 3):
 PSYoungGen      total 637440K, used 426507K [0x000000076ab00000, 0x000000079dd80000, 0x00000007c0000000)
  eden space 553984K, 71% used [0x000000076ab00000,0x0000000782dd2ff0,0x000000078c800000)
  from space 83456K, 36% used [0x000000078c800000,0x000000078e5afcd8,0x0000000791980000)
  to   space 78848K, 0% used [0x0000000799080000,0x0000000799080000,0x000000079dd80000)
 ParOldGen       total 431104K, used 202161K [0x00000006c0000000, 0x00000006da500000, 0x000000076ab00000)
  object space 431104K, 46% used [0x00000006c0000000,0x00000006cc56c438,0x00000006da500000)
 Metaspace       used 58466K, capacity 59256K, committed 59520K, reserved 1101824K
  class space    used 7231K, capacity 7473K, committed 7552K, reserved 1048576K
Event: 171.654 GC heap after
Heap after GC invocations=17 (full 3):
 PSYoungGen      total 724480K, used 54401K [0x000000076ab00000, 0x000000079d000000, 0x00000007c0000000)
  eden space 659456K, 0% used [0x000000076ab00000,0x000000076ab00000,0x0000000792f00000)
  from space 65024K, 83% used [0x0000000799080000,0x000000079c5a0660,0x000000079d000000)
  to   space 82432K, 0% used [0x0000000792f00000,0x0000000792f00000,0x0000000797f80000)
 ParOldGen       total 431104K, used 202161K [0x00000006c0000000, 0x00000006da500000, 0x000000076ab00000)
  object space 431104K, 46% used [0x00000006c0000000,0x00000006cc56c438,0x00000006da500000)
 Metaspace       used 58466K, capacity 59256K, committed 59520K, reserved 1101824K
  class space    used 7231K, capacity 7473K, committed 7552K, reserved 1048576K
}
Event: 171.654 GC heap before
{Heap before GC invocations=18 (full 4):
 PSYoungGen      total 724480K, used 54401K [0x000000076ab00000, 0x000000079d000000, 0x00000007c0000000)
  eden space 659456K, 0% used [0x000000076ab00000,0x000000076ab00000,0x0000000792f00000)
  from space 65024K, 83% used [0x0000000799080000,0x000000079c5a0660,0x000000079d000000)
  to   space 82432K, 0% used [0x0000000792f00000,0x0000000792f00000,0x0000000797f80000)
 ParOldGen       total 431104K, used 202161K [0x00000006c0000000, 0x00000006da500000, 0x000000076ab00000)
  object space 431104K, 46% used [0x00000006c0000000,0x00000006cc56c438,0x00000006da500000)
 Metaspace       used 58466K, capacity 59256K, committed 59520K, reserved 1101824K
  class space    used 7231K, capacity 7473K, committed 7552K, reserved 1048576K
Event: 171.875 GC heap after
Heap after GC invocations=18 (full 4):
 PSYoungGen      total 724480K, used 0K [0x000000076ab00000, 0x000000079d000000, 0x00000007c0000000)
  eden space 659456K, 0% used [0x000000076ab00000,0x000000076ab00000,0x0000000792f00000)
  from space 65024K, 0% used [0x0000000799080000,0x0000000799080000,0x000000079d000000)
  to   space 82432K, 0% used [0x0000000792f00000,0x0000000792f00000,0x0000000797f80000)
 ParOldGen       total 479232K, used 199515K [0x00000006c0000000, 0x00000006dd400000, 0x000000076ab00000)
  object space 479232K, 41% used [0x00000006c0000000,0x00000006cc2d6fa8,0x00000006dd400000)
 Metaspace       used 58466K, capacity 59256K, committed 59520K, reserved 1101824K
  class space    used 7231K, capacity 7473K, committed 7552K, reserved 1048576K
}
Event: 230.059 GC heap before
{Heap before GC invocations=19 (full 4):
 PSYoungGen      total 724480K, used 659456K [0x000000076ab00000, 0x000000079d000000, 0x00000007c0000000)
  eden space 659456K, 100% used [0x000000076ab00000,0x0000000792f00000,0x0000000792f00000)
  from space 65024K, 0% used [0x0000000799080000,0x0000000799080000,0x000000079d000000)
  to   space 82432K, 0% used [0x0000000792f00000,0x0000000792f00000,0x0000000797f80000)
 ParOldGen       total 479232K, used 199515K [0x00000006c0000000, 0x00000006dd400000, 0x000000076ab00000)
  object space 479232K, 41% used [0x00000006c0000000,0x00000006cc2d6fa8,0x00000006dd400000)
 Metaspace       used 72509K, capacity 73372K, committed 73600K, reserved 1114112K
  class space    used 8988K, capacity 9223K, committed 9344K, reserved 1048576K
Event: 230.138 GC heap after
Heap after GC invocations=19 (full 4):
 PSYoungGen      total 741888K, used 82407K [0x000000076ab00000, 0x00000007a7200000, 0x00000007c0000000)
  eden space 659456K, 0% used [0x000000076ab00000,0x000000076ab00000,0x0000000792f00000)
  from space 82432K, 99% used [0x0000000792f00000,0x0000000797f79c60,0x0000000797f80000)
  to   space 102400K, 0% used [0x00000007a0e00000,0x00000007a0e00000,0x00000007a7200000)
 ParOldGen       total 479232K, used 218975K [0x00000006c0000000, 0x00000006dd400000, 0x000000076ab00000)
  object space 479232K, 45% used [0x00000006c0000000,0x00000006cd5d7f58,0x00000006dd400000)
 Metaspace       used 72509K, capacity 73372K, committed 73600K, reserved 1114112K
  class space    used 8988K, capacity 9223K, committed 9344K, reserved 1048576K
}
Event: 239.799 GC heap before
{Heap before GC invocations=20 (full 4):
 PSYoungGen      total 741888K, used 741863K [0x000000076ab00000, 0x00000007a7200000, 0x00000007c0000000)
  eden space 659456K, 100% used [0x000000076ab00000,0x0000000792f00000,0x0000000792f00000)
  from space 82432K, 99% used [0x0000000792f00000,0x0000000797f79c60,0x0000000797f80000)
  to   space 102400K, 0% used [0x00000007a0e00000,0x00000007a0e00000,0x00000007a7200000)
 ParOldGen       total 479232K, used 218975K [0x00000006c0000000, 0x00000006dd400000, 0x000000076ab00000)
  object space 479232K, 45% used [0x00000006c0000000,0x00000006cd5d7f58,0x00000006dd400000)
 Metaspace       used 73205K, capacity 74146K, committed 74368K, reserved 1114112K
  class space    used 9060K, capacity 9288K, committed 9344K, reserved 1048576K
Event: 239.857 GC heap after
Heap after GC invocations=20 (full 4):
 PSYoungGen      total 873472K, used 86921K [0x000000076ab00000, 0x00000007a7900000, 0x00000007c0000000)
  eden space 771072K, 0% used [0x000000076ab00000,0x000000076ab00000,0x0000000799c00000)
  from space 102400K, 84% used [0x00000007a0e00000,0x00000007a62e2618,0x00000007a7200000)
  to   space 113152K, 0% used [0x0000000799c00000,0x0000000799c00000,0x00000007a0a80000)
 ParOldGen       total 479232K, used 218975K [0x00000006c0000000, 0x00000006dd400000, 0x000000076ab00000)
  object space 479232K, 45% used [0x00000006c0000000,0x00000006cd5d7f58,0x00000006dd400000)
 Metaspace       used 73205K, capacity 74146K, committed 74368K, reserved 1114112K
  class space    used 9060K, capacity 9288K, committed 9344K, reserved 1048576K
}

