# JRE version: Java(TM) SE Runtime Environment (8.0_65-b17) (build 1.8.0_65-b17)
# Java VM: Java HotSpot(TM) 64-Bit Server VM (25.65-b01 mixed mode bsd-amd64 compressed oops)
Heap:
 PSYoungGen      total 1232896K, used 731872K [0x000000076ab00000, 0x00000007bef00000, 0x00000007c0000000)
  eden space 1106944K, 62% used [0x000000076ab00000,0x00000007949f1370,0x00000007ae400000)
  from space 125952K, 35% used [0x00000007b7400000,0x00000007b9fc6fb8,0x00000007bef00000)
  to   space 136704K, 0% used [0x00000007ae400000,0x00000007ae400000,0x00000007b6980000)
 ParOldGen       total 439808K, used 177936K [0x00000006c0000000, 0x00000006dad80000, 0x000000076ab00000)
  object space 439808K, 40% used [0x00000006c0000000,0x00000006cadc40e0,0x00000006dad80000)
 Metaspace       used 125506K, capacity 129108K, committed 129408K, reserved 1163264K
  class space    used 15271K, capacity 15920K, committed 16000K, reserved 1048576K
GC Heap History (10 events):
Event: 49.429 GC heap before
{Heap before GC invocations=19 (full 4):
 PSYoungGen      total 938496K, used 938468K [0x000000076ab00000, 0x00000007aeb80000, 0x00000007c0000000)
  eden space 846336K, 100% used [0x000000076ab00000,0x000000079e580000,0x000000079e580000)
  from space 92160K, 99% used [0x00000007a5500000,0x00000007aaef9368,0x00000007aaf00000)
  to   space 114176K, 0% used [0x000000079e580000,0x000000079e580000,0x00000007a5500000)
 ParOldGen       total 427008K, used 213528K [0x00000006c0000000, 0x00000006da100000, 0x000000076ab00000)
  object space 427008K, 50% used [0x00000006c0000000,0x00000006cd0861f0,0x00000006da100000)
 Metaspace       used 84326K, capacity 85244K, committed 85504K, reserved 1124352K
  class space    used 10129K, capacity 10375K, committed 10496K, reserved 1048576K
Event: 49.547 GC heap after
Heap after GC invocations=19 (full 4):
 PSYoungGen      total 960512K, used 107745K [0x000000076ab00000, 0x00000007b8f80000, 0x00000007c0000000)
  eden space 846336K, 0% used [0x000000076ab00000,0x000000076ab00000,0x000000079e580000)
  from space 114176K, 94% used [0x000000079e580000,0x00000007a4eb8728,0x00000007a5500000)
  to   space 130560K, 0% used [0x00000007b1000000,0x00000007b1000000,0x00000007b8f80000)
 ParOldGen       total 427008K, used 213544K [0x00000006c0000000, 0x00000006da100000, 0x000000076ab00000)
  object space 427008K, 50% used [0x00000006c0000000,0x00000006cd08a1f0,0x00000006da100000)
 Metaspace       used 84326K, capacity 85244K, committed 85504K, reserved 1124352K
  class space    used 10129K, capacity 10375K, committed 10496K, reserved 1048576K
}
Event: 51.930 GC heap before
{Heap before GC invocations=20 (full 4):
 PSYoungGen      total 960512K, used 513187K [0x000000076ab00000, 0x00000007b8f80000, 0x00000007c0000000)
  eden space 846336K, 47% used [0x000000076ab00000,0x00000007836f05d8,0x000000079e580000)
  from space 114176K, 94% used [0x000000079e580000,0x00000007a4eb8728,0x00000007a5500000)
  to   space 130560K, 0% used [0x00000007b1000000,0x00000007b1000000,0x00000007b8f80000)
 ParOldGen       total 427008K, used 213544K [0x00000006c0000000, 0x00000006da100000, 0x000000076ab00000)
  object space 427008K, 50% used [0x00000006c0000000,0x00000006cd08a1f0,0x00000006da100000)
 Metaspace       used 95484K, capacity 96428K, committed 96640K, reserved 1134592K
  class space    used 11818K, capacity 12086K, committed 12160K, reserved 1048576K
Event: 52.105 GC heap after
Heap after GC invocations=20 (full 4):
 PSYoungGen      total 1135104K, used 118348K [0x000000076ab00000, 0x00000007be400000, 0x00000007c0000000)
  eden space 1004544K, 0% used [0x000000076ab00000,0x000000076ab00000,0x00000007a8000000)
  from space 130560K, 90% used [0x00000007b1000000,0x00000007b8393090,0x00000007b8f80000)
  to   space 147456K, 0% used [0x00000007a8000000,0x00000007a8000000,0x00000007b1000000)
 ParOldGen       total 427008K, used 213552K [0x00000006c0000000, 0x00000006da100000, 0x000000076ab00000)
  object space 427008K, 50% used [0x00000006c0000000,0x00000006cd08c1f0,0x00000006da100000)
 Metaspace       used 95484K, capacity 96428K, committed 96640K, reserved 1134592K
  class space    used 11818K, capacity 12086K, committed 12160K, reserved 1048576K
}
Event: 52.105 GC heap before
{Heap before GC invocations=21 (full 5):
 PSYoungGen      total 1135104K, used 118348K [0x000000076ab00000, 0x00000007be400000, 0x00000007c0000000)
  eden space 1004544K, 0% used [0x000000076ab00000,0x000000076ab00000,0x00000007a8000000)
  from space 130560K, 90% used [0x00000007b1000000,0x00000007b8393090,0x00000007b8f80000)
  to   space 147456K, 0% used [0x00000007a8000000,0x00000007a8000000,0x00000007b1000000)
 ParOldGen       total 427008K, used 213552K [0x00000006c0000000, 0x00000006da100000, 0x000000076ab00000)
  object space 427008K, 50% used [0x00000006c0000000,0x00000006cd08c1f0,0x00000006da100000)
 Metaspace       used 95484K, capacity 96428K, committed 96640K, reserved 1134592K
  class space    used 11818K, capacity 12086K, committed 12160K, reserved 1048576K
Event: 52.476 GC heap after
Heap after GC invocations=21 (full 5):
 PSYoungGen      total 1135104K, used 0K [0x000000076ab00000, 0x00000007be400000, 0x00000007c0000000)
  eden space 1004544K, 0% used [0x000000076ab00000,0x000000076ab00000,0x00000007a8000000)
  from space 130560K, 0% used [0x00000007b1000000,0x00000007b1000000,0x00000007b8f80000)
  to   space 147456K, 0% used [0x00000007a8000000,0x00000007a8000000,0x00000007b1000000)
 ParOldGen       total 439808K, used 177912K [0x00000006c0000000, 0x00000006dad80000, 0x000000076ab00000)
  object space 439808K, 40% used [0x00000006c0000000,0x00000006cadbe0e0,0x00000006dad80000)
 Metaspace       used 95484K, capacity 96428K, committed 96640K, reserved 1134592K
  class space    used 11818K, capacity 12086K, committed 12160K, reserved 1048576K
}
Event: 58.788 GC heap before
{Heap before GC invocations=22 (full 5):
 PSYoungGen      total 1135104K, used 1004544K [0x000000076ab00000, 0x00000007be400000, 0x00000007c0000000)
  eden space 1004544K, 100% used [0x000000076ab00000,0x00000007a8000000,0x00000007a8000000)
  from space 130560K, 0% used [0x00000007b1000000,0x00000007b1000000,0x00000007b8f80000)
  to   space 147456K, 0% used [0x00000007a8000000,0x00000007a8000000,0x00000007b1000000)
 ParOldGen       total 439808K, used 177912K [0x00000006c0000000, 0x00000006dad80000, 0x000000076ab00000)
  object space 439808K, 40% used [0x00000006c0000000,0x00000006cadbe0e0,0x00000006dad80000)
 Metaspace       used 111339K, capacity 112402K, committed 112640K, reserved 1148928K
  class space    used 13782K, capacity 14055K, committed 14080K, reserved 1048576K
Event: 58.812 GC heap after
Heap after GC invocations=22 (full 5):
 PSYoungGen      total 1152000K, used 29271K [0x000000076ab00000, 0x00000007c0000000, 0x00000007c0000000)
  eden space 1004544K, 0% used [0x000000076ab00000,0x000000076ab00000,0x00000007a8000000)
  from space 147456K, 19% used [0x00000007a8000000,0x00000007a9c95dd8,0x00000007b1000000)
  to   space 143360K, 0% used [0x00000007b7400000,0x00000007b7400000,0x00000007c0000000)
 ParOldGen       total 439808K, used 177920K [0x00000006c0000000, 0x00000006dad80000, 0x000000076ab00000)
  object space 439808K, 40% used [0x00000006c0000000,0x00000006cadc00e0,0x00000006dad80000)
 Metaspace       used 111339K, capacity 112402K, committed 112640K, reserved 1148928K
  class space    used 13782K, capacity 14055K, committed 14080K, reserved 1048576K
}
Event: 2550.503 GC heap before
{Heap before GC invocations=23 (full 5):
 PSYoungGen      total 1152000K, used 1033815K [0x000000076ab00000, 0x00000007c0000000, 0x00000007c0000000)
  eden space 1004544K, 100% used [0x000000076ab00000,0x00000007a8000000,0x00000007a8000000)
  from space 147456K, 19% used [0x00000007a8000000,0x00000007a9c95dd8,0x00000007b1000000)
  to   space 143360K, 0% used [0x00000007b7400000,0x00000007b7400000,0x00000007c0000000)
 ParOldGen       total 439808K, used 177920K [0x00000006c0000000, 0x00000006dad80000, 0x000000076ab00000)
  object space 439808K, 40% used [0x00000006c0000000,0x00000006cadc00e0,0x00000006dad80000)
 Metaspace       used 122309K, capacity 125146K, committed 125440K, reserved 1159168K
  class space    used 15011K, capacity 15553K, committed 15616K, reserved 1048576K
Event: 2550.553 GC heap after
Heap after GC invocations=23 (full 5):
 PSYoungGen      total 1232896K, used 44827K [0x000000076ab00000, 0x00000007bef00000, 0x00000007c0000000)
  eden space 1106944K, 0% used [0x000000076ab00000,0x000000076ab00000,0x00000007ae400000)
  from space 125952K, 35% used [0x00000007b7400000,0x00000007b9fc6fb8,0x00000007bef00000)
  to   space 136704K, 0% used [0x00000007ae400000,0x00000007ae400000,0x00000007b6980000)
 ParOldGen       total 439808K, used 177936K [0x00000006c0000000, 0x00000006dad80000, 0x000000076ab00000)
  object space 439808K, 40% used [0x00000006c0000000,0x00000006cadc40e0,0x00000006dad80000)
 Metaspace       used 122309K, capacity 125146K, committed 125440K, reserved 1159168K
  class space    used 15011K, capacity 15553K, committed 15616K, reserved 1048576K
}

