# JRE version: Java(TM) SE Runtime Environment (8.0_65-b17) (build 1.8.0_65-b17)
# Java VM: Java HotSpot(TM) 64-Bit Server VM (25.65-b01 mixed mode bsd-amd64 compressed oops)
Heap:
 PSYoungGen      total 732672K, used 313788K [0x000000076ab00000, 0x00000007a0080000, 0x00000007c0000000)
  eden space 635392K, 34% used [0x000000076ab00000,0x0000000777e73f90,0x0000000791780000)
  from space 97280K, 99% used [0x0000000798900000,0x000000079e7fb308,0x000000079e800000)
  to   space 116224K, 0% used [0x0000000791780000,0x0000000791780000,0x0000000798900000)
 ParOldGen       total 500736K, used 207409K [0x00000006c0000000, 0x00000006de900000, 0x000000076ab00000)
  object space 500736K, 41% used [0x00000006c0000000,0x00000006cca8c568,0x00000006de900000)
 Metaspace       used 79213K, capacity 80218K, committed 80384K, reserved 1120256K
  class space    used 9912K, capacity 10204K, committed 10240K, reserved 1048576K
GC Heap History (10 events):
Event: 67.759 GC heap before
{Heap before GC invocations=16 (full 3):
 PSYoungGen      total 566272K, used 521356K [0x000000076ab00000, 0x0000000793a00000, 0x00000007c0000000)
  eden space 501760K, 100% used [0x000000076ab00000,0x0000000789500000,0x0000000789500000)
  from space 64512K, 30% used [0x000000078fb00000,0x0000000790e23218,0x0000000793a00000)
  to   space 84480K, 0% used [0x0000000789500000,0x0000000789500000,0x000000078e780000)
 ParOldGen       total 447488K, used 202882K [0x00000006c0000000, 0x00000006db500000, 0x000000076ab00000)
  object space 447488K, 45% used [0x00000006c0000000,0x00000006cc620ab8,0x00000006db500000)
 Metaspace       used 50945K, capacity 51704K, committed 51968K, reserved 1095680K
  class space    used 6367K, capacity 6577K, committed 6656K, reserved 1048576K
Event: 67.784 GC heap after
Heap after GC invocations=16 (full 3):
 PSYoungGen      total 586240K, used 23390K [0x000000076ab00000, 0x0000000798800000, 0x00000007c0000000)
  eden space 501760K, 0% used [0x000000076ab00000,0x000000076ab00000,0x0000000789500000)
  from space 84480K, 27% used [0x0000000789500000,0x000000078abd7878,0x000000078e780000)
  to   space 80896K, 0% used [0x0000000793900000,0x0000000793900000,0x0000000798800000)
 ParOldGen       total 447488K, used 202882K [0x00000006c0000000, 0x00000006db500000, 0x000000076ab00000)
  object space 447488K, 45% used [0x00000006c0000000,0x00000006cc620ab8,0x00000006db500000)
 Metaspace       used 50945K, capacity 51704K, committed 51968K, reserved 1095680K
  class space    used 6367K, capacity 6577K, committed 6656K, reserved 1048576K
}
Event: 157.317 GC heap before
{Heap before GC invocations=17 (full 3):
 PSYoungGen      total 586240K, used 485999K [0x000000076ab00000, 0x0000000798800000, 0x00000007c0000000)
  eden space 501760K, 92% used [0x000000076ab00000,0x0000000786ec45c0,0x0000000789500000)
  from space 84480K, 27% used [0x0000000789500000,0x000000078abd7878,0x000000078e780000)
  to   space 80896K, 0% used [0x0000000793900000,0x0000000793900000,0x0000000798800000)
 ParOldGen       total 447488K, used 202882K [0x00000006c0000000, 0x00000006db500000, 0x000000076ab00000)
  object space 447488K, 45% used [0x00000006c0000000,0x00000006cc620ab8,0x00000006db500000)
 Metaspace       used 56642K, capacity 57400K, committed 57600K, reserved 1099776K
  class space    used 7035K, capacity 7281K, committed 7296K, reserved 1048576K
Event: 157.353 GC heap after
Heap after GC invocations=17 (full 3):
 PSYoungGen      total 637952K, used 45683K [0x000000076ab00000, 0x0000000797900000, 0x00000007c0000000)
  eden space 572416K, 0% used [0x000000076ab00000,0x000000076ab00000,0x000000078da00000)
  from space 65536K, 69% used [0x0000000793900000,0x000000079659ce90,0x0000000797900000)
  to   space 81408K, 0% used [0x000000078da00000,0x000000078da00000,0x0000000792980000)
 ParOldGen       total 447488K, used 202890K [0x00000006c0000000, 0x00000006db500000, 0x000000076ab00000)
  object space 447488K, 45% used [0x00000006c0000000,0x00000006cc622ab8,0x00000006db500000)
 Metaspace       used 56642K, capacity 57400K, committed 57600K, reserved 1099776K
  class space    used 7035K, capacity 7281K, committed 7296K, reserved 1048576K
}
Event: 157.353 GC heap before
{Heap before GC invocations=18 (full 4):
 PSYoungGen      total 637952K, used 45683K [0x000000076ab00000, 0x0000000797900000, 0x00000007c0000000)
  eden space 572416K, 0% used [0x000000076ab00000,0x000000076ab00000,0x000000078da00000)
  from space 65536K, 69% used [0x0000000793900000,0x000000079659ce90,0x0000000797900000)
  to   space 81408K, 0% used [0x000000078da00000,0x000000078da00000,0x0000000792980000)
 ParOldGen       total 447488K, used 202890K [0x00000006c0000000, 0x00000006db500000, 0x000000076ab00000)
  object space 447488K, 45% used [0x00000006c0000000,0x00000006cc622ab8,0x00000006db500000)
 Metaspace       used 56642K, capacity 57400K, committed 57600K, reserved 1099776K
  class space    used 7035K, capacity 7281K, committed 7296K, reserved 1048576K
Event: 157.623 GC heap after
Heap after GC invocations=18 (full 4):
 PSYoungGen      total 637952K, used 0K [0x000000076ab00000, 0x0000000797900000, 0x00000007c0000000)
  eden space 572416K, 0% used [0x000000076ab00000,0x000000076ab00000,0x000000078da00000)
  from space 65536K, 0% used [0x0000000793900000,0x0000000793900000,0x0000000797900000)
  to   space 81408K, 0% used [0x000000078da00000,0x000000078da00000,0x0000000792980000)
 ParOldGen       total 500736K, used 191959K [0x00000006c0000000, 0x00000006de900000, 0x000000076ab00000)
  object space 500736K, 38% used [0x00000006c0000000,0x00000006cbb75d00,0x00000006de900000)
 Metaspace       used 56642K, capacity 57400K, committed 57600K, reserved 1099776K
  class space    used 7035K, capacity 7281K, committed 7296K, reserved 1048576K
}
Event: 198.218 GC heap before
{Heap before GC invocations=19 (full 4):
 PSYoungGen      total 637952K, used 572416K [0x000000076ab00000, 0x0000000797900000, 0x00000007c0000000)
  eden space 572416K, 100% used [0x000000076ab00000,0x000000078da00000,0x000000078da00000)
  from space 65536K, 0% used [0x0000000793900000,0x0000000793900000,0x0000000797900000)
  to   space 81408K, 0% used [0x000000078da00000,0x000000078da00000,0x0000000792980000)
 ParOldGen       total 500736K, used 191959K [0x00000006c0000000, 0x00000006de900000, 0x000000076ab00000)
  object space 500736K, 38% used [0x00000006c0000000,0x00000006cbb75d00,0x00000006de900000)
 Metaspace       used 70285K, capacity 71106K, committed 71552K, reserved 1112064K
  class space    used 8776K, capacity 9032K, committed 9088K, reserved 1048576K
Event: 198.304 GC heap after
Heap after GC invocations=19 (full 4):
 PSYoungGen      total 653824K, used 81393K [0x000000076ab00000, 0x000000079e800000, 0x00000007c0000000)
  eden space 572416K, 0% used [0x000000076ab00000,0x000000076ab00000,0x000000078da00000)
  from space 81408K, 99% used [0x000000078da00000,0x000000079297c428,0x0000000792980000)
  to   space 97280K, 0% used [0x0000000798900000,0x0000000798900000,0x000000079e800000)
 ParOldGen       total 500736K, used 198907K [0x00000006c0000000, 0x00000006de900000, 0x000000076ab00000)
  object space 500736K, 39% used [0x00000006c0000000,0x00000006cc23edd8,0x00000006de900000)
 Metaspace       used 70285K, capacity 71106K, committed 71552K, reserved 1112064K
  class space    used 8776K, capacity 9032K, committed 9088K, reserved 1048576K
}
Event: 224.572 GC heap before
{Heap before GC invocations=20 (full 4):
 PSYoungGen      total 653824K, used 653809K [0x000000076ab00000, 0x000000079e800000, 0x00000007c0000000)
  eden space 572416K, 100% used [0x000000076ab00000,0x000000078da00000,0x000000078da00000)
  from space 81408K, 99% used [0x000000078da00000,0x000000079297c428,0x0000000792980000)
  to   space 97280K, 0% used [0x0000000798900000,0x0000000798900000,0x000000079e800000)
 ParOldGen       total 500736K, used 198907K [0x00000006c0000000, 0x00000006de900000, 0x000000076ab00000)
  object space 500736K, 39% used [0x00000006c0000000,0x00000006cc23edd8,0x00000006de900000)
 Metaspace       used 73102K, capacity 74018K, committed 74368K, reserved 1114112K
  class space    used 9060K, capacity 9288K, committed 9344K, reserved 1048576K
Event: 224.664 GC heap after
Heap after GC invocations=20 (full 4):
 PSYoungGen      total 732672K, used 97260K [0x000000076ab00000, 0x00000007a0080000, 0x00000007c0000000)
  eden space 635392K, 0% used [0x000000076ab00000,0x000000076ab00000,0x0000000791780000)
  from space 97280K, 99% used [0x0000000798900000,0x000000079e7fb308,0x000000079e800000)
  to   space 116224K, 0% used [0x0000000791780000,0x0000000791780000,0x0000000798900000)
 ParOldGen       total 500736K, used 207409K [0x00000006c0000000, 0x00000006de900000, 0x000000076ab00000)
  object space 500736K, 41% used [0x00000006c0000000,0x00000006cca8c568,0x00000006de900000)
 Metaspace       used 73102K, capacity 74018K, committed 74368K, reserved 1114112K
  class space    used 9060K, capacity 9288K, committed 9344K, reserved 1048576K
}

