# JRE version: Java(TM) SE Runtime Environment (8.0_65-b17) (build 1.8.0_65-b17)
# Java VM: Java HotSpot(TM) 64-Bit Server VM (25.65-b01 mixed mode bsd-amd64 compressed oops)
Heap:
 PSYoungGen      total 740864K, used 312776K [0x000000076ab00000, 0x00000007a0a00000, 0x00000007c0000000)
  eden space 643072K, 33% used [0x000000076ab00000,0x0000000777cf8d20,0x0000000791f00000)
  from space 97792K, 99% used [0x0000000799100000,0x000000079f079428,0x000000079f080000)
  to   space 116736K, 0% used [0x0000000791f00000,0x0000000791f00000,0x0000000799100000)
 ParOldGen       total 497152K, used 206985K [0x00000006c0000000, 0x00000006de580000, 0x000000076ab00000)
  object space 497152K, 41% used [0x00000006c0000000,0x00000006cca226f8,0x00000006de580000)
 Metaspace       used 79203K, capacity 80224K, committed 80384K, reserved 1120256K
  class space    used 9911K, capacity 10205K, committed 10240K, reserved 1048576K
GC Heap History (10 events):
Event: 63.967 GC heap before
{Heap before GC invocations=16 (full 3):
 PSYoungGen      total 570880K, used 524784K [0x000000076ab00000, 0x0000000793f80000, 0x00000007c0000000)
  eden space 505344K, 100% used [0x000000076ab00000,0x0000000789880000,0x0000000789880000)
  from space 65536K, 29% used [0x000000078ff80000,0x000000079127c168,0x0000000793f80000)
  to   space 85504K, 0% used [0x0000000789880000,0x0000000789880000,0x000000078ec00000)
 ParOldGen       total 445440K, used 204285K [0x00000006c0000000, 0x00000006db300000, 0x000000076ab00000)
  object space 445440K, 45% used [0x00000006c0000000,0x00000006cc77f530,0x00000006db300000)
 Metaspace       used 50949K, capacity 51710K, committed 51968K, reserved 1095680K
  class space    used 6365K, capacity 6578K, committed 6656K, reserved 1048576K
Event: 63.981 GC heap after
Heap after GC invocations=16 (full 3):
 PSYoungGen      total 590848K, used 23462K [0x000000076ab00000, 0x0000000798f00000, 0x00000007c0000000)
  eden space 505344K, 0% used [0x000000076ab00000,0x000000076ab00000,0x0000000789880000)
  from space 85504K, 27% used [0x0000000789880000,0x000000078af69a40,0x000000078ec00000)
  to   space 81408K, 0% used [0x0000000793f80000,0x0000000793f80000,0x0000000798f00000)
 ParOldGen       total 445440K, used 204285K [0x00000006c0000000, 0x00000006db300000, 0x000000076ab00000)
  object space 445440K, 45% used [0x00000006c0000000,0x00000006cc77f530,0x00000006db300000)
 Metaspace       used 50949K, capacity 51710K, committed 51968K, reserved 1095680K
  class space    used 6365K, capacity 6578K, committed 6656K, reserved 1048576K
}
Event: 140.078 GC heap before
{Heap before GC invocations=17 (full 3):
 PSYoungGen      total 590848K, used 473248K [0x000000076ab00000, 0x0000000798f00000, 0x00000007c0000000)
  eden space 505344K, 89% used [0x000000076ab00000,0x000000078623e880,0x0000000789880000)
  from space 85504K, 27% used [0x0000000789880000,0x000000078af69a40,0x000000078ec00000)
  to   space 81408K, 0% used [0x0000000793f80000,0x0000000793f80000,0x0000000798f00000)
 ParOldGen       total 445440K, used 204285K [0x00000006c0000000, 0x00000006db300000, 0x000000076ab00000)
  object space 445440K, 45% used [0x00000006c0000000,0x00000006cc77f530,0x00000006db300000)
 Metaspace       used 56777K, capacity 57470K, committed 57600K, reserved 1099776K
  class space    used 7050K, capacity 7282K, committed 7296K, reserved 1048576K
Event: 140.109 GC heap after
Heap after GC invocations=17 (full 3):
 PSYoungGen      total 643584K, used 45337K [0x000000076ab00000, 0x0000000797f80000, 0x00000007c0000000)
  eden space 578048K, 0% used [0x000000076ab00000,0x000000076ab00000,0x000000078df80000)
  from space 65536K, 69% used [0x0000000793f80000,0x0000000796bc6748,0x0000000797f80000)
  to   space 81920K, 0% used [0x000000078df80000,0x000000078df80000,0x0000000792f80000)
 ParOldGen       total 445440K, used 204285K [0x00000006c0000000, 0x00000006db300000, 0x000000076ab00000)
  object space 445440K, 45% used [0x00000006c0000000,0x00000006cc77f530,0x00000006db300000)
 Metaspace       used 56777K, capacity 57470K, committed 57600K, reserved 1099776K
  class space    used 7050K, capacity 7282K, committed 7296K, reserved 1048576K
}
Event: 140.109 GC heap before
{Heap before GC invocations=18 (full 4):
 PSYoungGen      total 643584K, used 45337K [0x000000076ab00000, 0x0000000797f80000, 0x00000007c0000000)
  eden space 578048K, 0% used [0x000000076ab00000,0x000000076ab00000,0x000000078df80000)
  from space 65536K, 69% used [0x0000000793f80000,0x0000000796bc6748,0x0000000797f80000)
  to   space 81920K, 0% used [0x000000078df80000,0x000000078df80000,0x0000000792f80000)
 ParOldGen       total 445440K, used 204285K [0x00000006c0000000, 0x00000006db300000, 0x000000076ab00000)
  object space 445440K, 45% used [0x00000006c0000000,0x00000006cc77f530,0x00000006db300000)
 Metaspace       used 56777K, capacity 57470K, committed 57600K, reserved 1099776K
  class space    used 7050K, capacity 7282K, committed 7296K, reserved 1048576K
Event: 140.308 GC heap after
Heap after GC invocations=18 (full 4):
 PSYoungGen      total 643584K, used 0K [0x000000076ab00000, 0x0000000797f80000, 0x00000007c0000000)
  eden space 578048K, 0% used [0x000000076ab00000,0x000000076ab00000,0x000000078df80000)
  from space 65536K, 0% used [0x0000000793f80000,0x0000000793f80000,0x0000000797f80000)
  to   space 81920K, 0% used [0x000000078df80000,0x000000078df80000,0x0000000792f80000)
 ParOldGen       total 497152K, used 192072K [0x00000006c0000000, 0x00000006de580000, 0x000000076ab00000)
  object space 497152K, 38% used [0x00000006c0000000,0x00000006cbb92198,0x00000006de580000)
 Metaspace       used 56777K, capacity 57470K, committed 57600K, reserved 1099776K
  class space    used 7050K, capacity 7282K, committed 7296K, reserved 1048576K
}
Event: 175.417 GC heap before
{Heap before GC invocations=19 (full 4):
 PSYoungGen      total 643584K, used 578048K [0x000000076ab00000, 0x0000000797f80000, 0x00000007c0000000)
  eden space 578048K, 100% used [0x000000076ab00000,0x000000078df80000,0x000000078df80000)
  from space 65536K, 0% used [0x0000000793f80000,0x0000000793f80000,0x0000000797f80000)
  to   space 81920K, 0% used [0x000000078df80000,0x000000078df80000,0x0000000792f80000)
 ParOldGen       total 497152K, used 192072K [0x00000006c0000000, 0x00000006de580000, 0x000000076ab00000)
  object space 497152K, 38% used [0x00000006c0000000,0x00000006cbb92198,0x00000006de580000)
 Metaspace       used 70397K, capacity 71282K, committed 71552K, reserved 1112064K
  class space    used 8791K, capacity 9040K, committed 9088K, reserved 1048576K
Event: 175.473 GC heap after
Heap after GC invocations=19 (full 4):
 PSYoungGen      total 659968K, used 81912K [0x000000076ab00000, 0x000000079f080000, 0x00000007c0000000)
  eden space 578048K, 0% used [0x000000076ab00000,0x000000076ab00000,0x000000078df80000)
  from space 81920K, 99% used [0x000000078df80000,0x0000000792f7e2d8,0x0000000792f80000)
  to   space 97792K, 0% used [0x0000000799100000,0x0000000799100000,0x000000079f080000)
 ParOldGen       total 497152K, used 199370K [0x00000006c0000000, 0x00000006de580000, 0x000000076ab00000)
  object space 497152K, 40% used [0x00000006c0000000,0x00000006cc2b2888,0x00000006de580000)
 Metaspace       used 70397K, capacity 71282K, committed 71552K, reserved 1112064K
  class space    used 8791K, capacity 9040K, committed 9088K, reserved 1048576K
}
Event: 200.024 GC heap before
{Heap before GC invocations=20 (full 4):
 PSYoungGen      total 659968K, used 659960K [0x000000076ab00000, 0x000000079f080000, 0x00000007c0000000)
  eden space 578048K, 100% used [0x000000076ab00000,0x000000078df80000,0x000000078df80000)
  from space 81920K, 99% used [0x000000078df80000,0x0000000792f7e2d8,0x0000000792f80000)
  to   space 97792K, 0% used [0x0000000799100000,0x0000000799100000,0x000000079f080000)
 ParOldGen       total 497152K, used 199370K [0x00000006c0000000, 0x00000006de580000, 0x000000076ab00000)
  object space 497152K, 40% used [0x00000006c0000000,0x00000006cc2b2888,0x00000006de580000)
 Metaspace       used 73105K, capacity 73960K, committed 74112K, reserved 1114112K
  class space    used 9060K, capacity 9289K, committed 9344K, reserved 1048576K
Event: 200.133 GC heap after
Heap after GC invocations=20 (full 4):
 PSYoungGen      total 740864K, used 97765K [0x000000076ab00000, 0x00000007a0a00000, 0x00000007c0000000)
  eden space 643072K, 0% used [0x000000076ab00000,0x000000076ab00000,0x0000000791f00000)
  from space 97792K, 99% used [0x0000000799100000,0x000000079f079428,0x000000079f080000)
  to   space 116736K, 0% used [0x0000000791f00000,0x0000000791f00000,0x0000000799100000)
 ParOldGen       total 497152K, used 206985K [0x00000006c0000000, 0x00000006de580000, 0x000000076ab00000)
  object space 497152K, 41% used [0x00000006c0000000,0x00000006cca226f8,0x00000006de580000)
 Metaspace       used 73105K, capacity 73960K, committed 74112K, reserved 1114112K
  class space    used 9060K, capacity 9289K, committed 9344K, reserved 1048576K
}

