# JRE version: Java(TM) SE Runtime Environment (8.0_65-b17) (build 1.8.0_65-b17)
# Java VM: Java HotSpot(TM) 64-Bit Server VM (25.65-b01 mixed mode bsd-amd64 compressed oops)
Heap:
 PSYoungGen      total 933376K, used 621438K [0x000000076ab00000, 0x00000007ab600000, 0x00000007c0000000)
  eden space 843264K, 63% used [0x000000076ab00000,0x000000078b723a40,0x000000079e280000)
  from space 90112K, 94% used [0x00000007a4680000,0x00000007a993bfa8,0x00000007a9e80000)
  to   space 102400K, 0% used [0x000000079e280000,0x000000079e280000,0x00000007a4680000)
 ParOldGen       total 464896K, used 208468K [0x00000006c0000000, 0x00000006dc600000, 0x000000076ab00000)
  object space 464896K, 44% used [0x00000006c0000000,0x00000006ccb95000,0x00000006dc600000)
 Metaspace       used 79260K, capacity 80218K, committed 80384K, reserved 1120256K
  class space    used 9911K, capacity 10204K, committed 10240K, reserved 1048576K
GC Heap History (10 events):
Event: 101.853 GC heap before
{Heap before GC invocations=16 (full 3):
 PSYoungGen      total 603136K, used 553042K [0x000000076ab00000, 0x0000000795b00000, 0x00000007c0000000)
  eden space 540672K, 100% used [0x000000076ab00000,0x000000078bb00000,0x000000078bb00000)
  from space 62464K, 19% used [0x0000000791e00000,0x0000000792a14820,0x0000000795b00000)
  to   space 81920K, 0% used [0x000000078bb00000,0x000000078bb00000,0x0000000790b00000)
 ParOldGen       total 423424K, used 203024K [0x00000006c0000000, 0x00000006d9d80000, 0x000000076ab00000)
  object space 423424K, 47% used [0x00000006c0000000,0x00000006cc644168,0x00000006d9d80000)
 Metaspace       used 50997K, capacity 51768K, committed 52224K, reserved 1095680K
  class space    used 6365K, capacity 6577K, committed 6656K, reserved 1048576K
Event: 101.873 GC heap after
Heap after GC invocations=16 (full 3):
 PSYoungGen      total 622592K, used 21122K [0x000000076ab00000, 0x000000079d180000, 0x00000007c0000000)
  eden space 540672K, 0% used [0x000000076ab00000,0x000000076ab00000,0x000000078bb00000)
  from space 81920K, 25% used [0x000000078bb00000,0x000000078cfa0848,0x0000000790b00000)
  to   space 78336K, 0% used [0x0000000798500000,0x0000000798500000,0x000000079d180000)
 ParOldGen       total 423424K, used 203024K [0x00000006c0000000, 0x00000006d9d80000, 0x000000076ab00000)
  object space 423424K, 47% used [0x00000006c0000000,0x00000006cc644168,0x00000006d9d80000)
 Metaspace       used 50997K, capacity 51768K, committed 52224K, reserved 1095680K
  class space    used 6365K, capacity 6577K, committed 6656K, reserved 1048576K
}
Event: 222.900 GC heap before
{Heap before GC invocations=17 (full 3):
 PSYoungGen      total 622592K, used 561794K [0x000000076ab00000, 0x000000079d180000, 0x00000007c0000000)
  eden space 540672K, 100% used [0x000000076ab00000,0x000000078bb00000,0x000000078bb00000)
  from space 81920K, 25% used [0x000000078bb00000,0x000000078cfa0848,0x0000000790b00000)
  to   space 78336K, 0% used [0x0000000798500000,0x0000000798500000,0x000000079d180000)
 ParOldGen       total 423424K, used 203024K [0x00000006c0000000, 0x00000006d9d80000, 0x000000076ab00000)
  object space 423424K, 47% used [0x00000006c0000000,0x00000006cc644168,0x00000006d9d80000)
 Metaspace       used 61480K, capacity 62244K, committed 62592K, reserved 1103872K
  class space    used 7525K, capacity 7763K, committed 7808K, reserved 1048576K
Event: 223.378 GC heap after
Heap after GC invocations=17 (full 3):
 PSYoungGen      total 727040K, used 63833K [0x000000076ab00000, 0x000000079cf00000, 0x00000007c0000000)
  eden space 651264K, 0% used [0x000000076ab00000,0x000000076ab00000,0x0000000792700000)
  from space 75776K, 84% used [0x0000000798500000,0x000000079c356508,0x000000079cf00000)
  to   space 86016K, 0% used [0x0000000792700000,0x0000000792700000,0x0000000797b00000)
 ParOldGen       total 423424K, used 203024K [0x00000006c0000000, 0x00000006d9d80000, 0x000000076ab00000)
  object space 423424K, 47% used [0x00000006c0000000,0x00000006cc644168,0x00000006d9d80000)
 Metaspace       used 61480K, capacity 62244K, committed 62592K, reserved 1103872K
  class space    used 7525K, capacity 7763K, committed 7808K, reserved 1048576K
}
Event: 224.375 GC heap before
{Heap before GC invocations=18 (full 3):
 PSYoungGen      total 727040K, used 76505K [0x000000076ab00000, 0x000000079cf00000, 0x00000007c0000000)
  eden space 651264K, 1% used [0x000000076ab00000,0x000000076b760170,0x0000000792700000)
  from space 75776K, 84% used [0x0000000798500000,0x000000079c356508,0x000000079cf00000)
  to   space 86016K, 0% used [0x0000000792700000,0x0000000792700000,0x0000000797b00000)
 ParOldGen       total 423424K, used 203024K [0x00000006c0000000, 0x00000006d9d80000, 0x000000076ab00000)
  object space 423424K, 47% used [0x00000006c0000000,0x00000006cc644168,0x00000006d9d80000)
 Metaspace       used 61618K, capacity 62372K, committed 62720K, reserved 1103872K
  class space    used 7536K, capacity 7763K, committed 7808K, reserved 1048576K
Event: 224.496 GC heap after
Heap after GC invocations=18 (full 3):
 PSYoungGen      total 737280K, used 57884K [0x000000076ab00000, 0x00000007a9e80000, 0x00000007c0000000)
  eden space 651264K, 0% used [0x000000076ab00000,0x000000076ab00000,0x0000000792700000)
  from space 86016K, 67% used [0x0000000792700000,0x0000000795f870c0,0x0000000797b00000)
  to   space 90112K, 0% used [0x00000007a4680000,0x00000007a4680000,0x00000007a9e80000)
 ParOldGen       total 423424K, used 203024K [0x00000006c0000000, 0x00000006d9d80000, 0x000000076ab00000)
  object space 423424K, 47% used [0x00000006c0000000,0x00000006cc644168,0x00000006d9d80000)
 Metaspace       used 61618K, capacity 62372K, committed 62720K, reserved 1103872K
  class space    used 7536K, capacity 7763K, committed 7808K, reserved 1048576K
}
Event: 224.497 GC heap before
{Heap before GC invocations=19 (full 4):
 PSYoungGen      total 737280K, used 57884K [0x000000076ab00000, 0x00000007a9e80000, 0x00000007c0000000)
  eden space 651264K, 0% used [0x000000076ab00000,0x000000076ab00000,0x0000000792700000)
  from space 86016K, 67% used [0x0000000792700000,0x0000000795f870c0,0x0000000797b00000)
  to   space 90112K, 0% used [0x00000007a4680000,0x00000007a4680000,0x00000007a9e80000)
 ParOldGen       total 423424K, used 203024K [0x00000006c0000000, 0x00000006d9d80000, 0x000000076ab00000)
  object space 423424K, 47% used [0x00000006c0000000,0x00000006cc644168,0x00000006d9d80000)
 Metaspace       used 61618K, capacity 62372K, committed 62720K, reserved 1103872K
  class space    used 7536K, capacity 7763K, committed 7808K, reserved 1048576K
Event: 225.126 GC heap after
Heap after GC invocations=19 (full 4):
 PSYoungGen      total 737280K, used 0K [0x000000076ab00000, 0x00000007a9e80000, 0x00000007c0000000)
  eden space 651264K, 0% used [0x000000076ab00000,0x000000076ab00000,0x0000000792700000)
  from space 86016K, 0% used [0x0000000792700000,0x0000000792700000,0x0000000797b00000)
  to   space 90112K, 0% used [0x00000007a4680000,0x00000007a4680000,0x00000007a9e80000)
 ParOldGen       total 464896K, used 208468K [0x00000006c0000000, 0x00000006dc600000, 0x000000076ab00000)
  object space 464896K, 44% used [0x00000006c0000000,0x00000006ccb95000,0x00000006dc600000)
 Metaspace       used 61618K, capacity 62372K, committed 62720K, reserved 1103872K
  class space    used 7536K, capacity 7763K, committed 7808K, reserved 1048576K
}
Event: 304.409 GC heap before
{Heap before GC invocations=20 (full 4):
 PSYoungGen      total 737280K, used 651264K [0x000000076ab00000, 0x00000007a9e80000, 0x00000007c0000000)
  eden space 651264K, 100% used [0x000000076ab00000,0x0000000792700000,0x0000000792700000)
  from space 86016K, 0% used [0x0000000792700000,0x0000000792700000,0x0000000797b00000)
  to   space 90112K, 0% used [0x00000007a4680000,0x00000007a4680000,0x00000007a9e80000)
 ParOldGen       total 464896K, used 208468K [0x00000006c0000000, 0x00000006dc600000, 0x000000076ab00000)
  object space 464896K, 44% used [0x00000006c0000000,0x00000006ccb95000,0x00000006dc600000)
 Metaspace       used 72492K, capacity 73410K, committed 73856K, reserved 1114112K
  class space    used 8997K, capacity 9256K, committed 9344K, reserved 1048576K
Event: 304.603 GC heap after
Heap after GC invocations=20 (full 4):
 PSYoungGen      total 933376K, used 84719K [0x000000076ab00000, 0x00000007ab600000, 0x00000007c0000000)
  eden space 843264K, 0% used [0x000000076ab00000,0x000000076ab00000,0x000000079e280000)
  from space 90112K, 94% used [0x00000007a4680000,0x00000007a993bfa8,0x00000007a9e80000)
  to   space 102400K, 0% used [0x000000079e280000,0x000000079e280000,0x00000007a4680000)
 ParOldGen       total 464896K, used 208468K [0x00000006c0000000, 0x00000006dc600000, 0x000000076ab00000)
  object space 464896K, 44% used [0x00000006c0000000,0x00000006ccb95000,0x00000006dc600000)
 Metaspace       used 72492K, capacity 73410K, committed 73856K, reserved 1114112K
  class space    used 8997K, capacity 9256K, committed 9344K, reserved 1048576K
}

