# JRE version: Java(TM) SE Runtime Environment (8.0_65-b17) (build 1.8.0_65-b17)
# Java VM: Java HotSpot(TM) 64-Bit Server VM (25.65-b01 mixed mode bsd-amd64 compressed oops)
Heap:
 PSYoungGen      total 682496K, used 347653K [0x000000076ab00000, 0x000000079ed00000, 0x00000007c0000000)
  eden space 588288K, 43% used [0x000000076ab00000,0x000000077a2861d0,0x000000078e980000)
  from space 94208K, 99% used [0x000000078e980000,0x000000079457b2e8,0x0000000794580000)
  to   space 113664K, 0% used [0x0000000797e00000,0x0000000797e00000,0x000000079ed00000)
 ParOldGen       total 506368K, used 207061K [0x00000006c0000000, 0x00000006dee80000, 0x000000076ab00000)
  object space 506368K, 40% used [0x00000006c0000000,0x00000006cca35408,0x00000006dee80000)
 Metaspace       used 79198K, capacity 80160K, committed 80384K, reserved 1120256K
  class space    used 9912K, capacity 10205K, committed 10240K, reserved 1048576K
GC Heap History (10 events):
Event: 182.614 GC heap before
{Heap before GC invocations=17 (full 3):
 PSYoungGen      total 560128K, used 501252K [0x000000076ab00000, 0x0000000796300000, 0x00000007c0000000)
  eden space 476672K, 100% used [0x000000076ab00000,0x0000000787c80000,0x0000000787c80000)
  from space 83456K, 29% used [0x0000000787c80000,0x0000000789481100,0x000000078ce00000)
  to   space 79360K, 0% used [0x0000000791580000,0x0000000791580000,0x0000000796300000)
 ParOldGen       total 448000K, used 201344K [0x00000006c0000000, 0x00000006db580000, 0x000000076ab00000)
  object space 448000K, 44% used [0x00000006c0000000,0x00000006cc4a0220,0x00000006db580000)
 Metaspace       used 54344K, capacity 55166K, committed 55424K, reserved 1097728K
  class space    used 6778K, capacity 7026K, committed 7040K, reserved 1048576K
Event: 182.661 GC heap after
Heap after GC invocations=17 (full 3):
 PSYoungGen      total 604672K, used 45003K [0x000000076ab00000, 0x0000000795580000, 0x00000007c0000000)
  eden space 539136K, 0% used [0x000000076ab00000,0x000000076ab00000,0x000000078b980000)
  from space 65536K, 68% used [0x0000000791580000,0x0000000794172d98,0x0000000795580000)
  to   space 79872K, 0% used [0x000000078b980000,0x000000078b980000,0x0000000790780000)
 ParOldGen       total 448000K, used 201344K [0x00000006c0000000, 0x00000006db580000, 0x000000076ab00000)
  object space 448000K, 44% used [0x00000006c0000000,0x00000006cc4a0220,0x00000006db580000)
 Metaspace       used 54344K, capacity 55166K, committed 55424K, reserved 1097728K
  class space    used 6778K, capacity 7026K, committed 7040K, reserved 1048576K
}
Event: 186.203 GC heap before
{Heap before GC invocations=18 (full 3):
 PSYoungGen      total 604672K, used 96132K [0x000000076ab00000, 0x0000000795580000, 0x00000007c0000000)
  eden space 539136K, 9% used [0x000000076ab00000,0x000000076dcee498,0x000000078b980000)
  from space 65536K, 68% used [0x0000000791580000,0x0000000794172d98,0x0000000795580000)
  to   space 79872K, 0% used [0x000000078b980000,0x000000078b980000,0x0000000790780000)
 ParOldGen       total 448000K, used 201344K [0x00000006c0000000, 0x00000006db580000, 0x000000076ab00000)
  object space 448000K, 44% used [0x00000006c0000000,0x00000006cc4a0220,0x00000006db580000)
 Metaspace       used 56727K, capacity 57470K, committed 57600K, reserved 1099776K
  class space    used 7046K, capacity 7282K, committed 7296K, reserved 1048576K
Event: 186.242 GC heap after
Heap after GC invocations=18 (full 3):
 PSYoungGen      total 619008K, used 44329K [0x000000076ab00000, 0x0000000799380000, 0x00000007c0000000)
  eden space 539136K, 0% used [0x000000076ab00000,0x000000076ab00000,0x000000078b980000)
  from space 79872K, 55% used [0x000000078b980000,0x000000078e4ca460,0x0000000790780000)
  to   space 79872K, 0% used [0x0000000794580000,0x0000000794580000,0x0000000799380000)
 ParOldGen       total 448000K, used 201344K [0x00000006c0000000, 0x00000006db580000, 0x000000076ab00000)
  object space 448000K, 44% used [0x00000006c0000000,0x00000006cc4a0220,0x00000006db580000)
 Metaspace       used 56727K, capacity 57470K, committed 57600K, reserved 1099776K
  class space    used 7046K, capacity 7282K, committed 7296K, reserved 1048576K
}
Event: 186.242 GC heap before
{Heap before GC invocations=19 (full 4):
 PSYoungGen      total 619008K, used 44329K [0x000000076ab00000, 0x0000000799380000, 0x00000007c0000000)
  eden space 539136K, 0% used [0x000000076ab00000,0x000000076ab00000,0x000000078b980000)
  from space 79872K, 55% used [0x000000078b980000,0x000000078e4ca460,0x0000000790780000)
  to   space 79872K, 0% used [0x0000000794580000,0x0000000794580000,0x0000000799380000)
 ParOldGen       total 448000K, used 201344K [0x00000006c0000000, 0x00000006db580000, 0x000000076ab00000)
  object space 448000K, 44% used [0x00000006c0000000,0x00000006cc4a0220,0x00000006db580000)
 Metaspace       used 56727K, capacity 57470K, committed 57600K, reserved 1099776K
  class space    used 7046K, capacity 7282K, committed 7296K, reserved 1048576K
Event: 186.684 GC heap after
Heap after GC invocations=19 (full 4):
 PSYoungGen      total 619008K, used 0K [0x000000076ab00000, 0x0000000799380000, 0x00000007c0000000)
  eden space 539136K, 0% used [0x000000076ab00000,0x000000076ab00000,0x000000078b980000)
  from space 79872K, 0% used [0x000000078b980000,0x000000078b980000,0x0000000790780000)
  to   space 79872K, 0% used [0x0000000794580000,0x0000000794580000,0x0000000799380000)
 ParOldGen       total 506368K, used 189375K [0x00000006c0000000, 0x00000006dee80000, 0x000000076ab00000)
  object space 506368K, 37% used [0x00000006c0000000,0x00000006cb8efd60,0x00000006dee80000)
 Metaspace       used 56727K, capacity 57470K, committed 57600K, reserved 1099776K
  class space    used 7046K, capacity 7282K, committed 7296K, reserved 1048576K
}
Event: 279.302 GC heap before
{Heap before GC invocations=20 (full 4):
 PSYoungGen      total 619008K, used 539136K [0x000000076ab00000, 0x0000000799380000, 0x00000007c0000000)
  eden space 539136K, 100% used [0x000000076ab00000,0x000000078b980000,0x000000078b980000)
  from space 79872K, 0% used [0x000000078b980000,0x000000078b980000,0x0000000790780000)
  to   space 79872K, 0% used [0x0000000794580000,0x0000000794580000,0x0000000799380000)
 ParOldGen       total 506368K, used 189375K [0x00000006c0000000, 0x00000006dee80000, 0x000000076ab00000)
  object space 506368K, 37% used [0x00000006c0000000,0x00000006cb8efd60,0x00000006dee80000)
 Metaspace       used 69532K, capacity 70332K, committed 70656K, reserved 1112064K
  class space    used 8653K, capacity 8919K, committed 8960K, reserved 1048576K
Event: 279.433 GC heap after
Heap after GC invocations=20 (full 4):
 PSYoungGen      total 668160K, used 79857K [0x000000076ab00000, 0x000000079b000000, 0x00000007c0000000)
  eden space 588288K, 0% used [0x000000076ab00000,0x000000076ab00000,0x000000078e980000)
  from space 79872K, 99% used [0x0000000794580000,0x000000079937c408,0x0000000799380000)
  to   space 94208K, 0% used [0x000000078e980000,0x000000078e980000,0x0000000794580000)
 ParOldGen       total 506368K, used 194819K [0x00000006c0000000, 0x00000006dee80000, 0x000000076ab00000)
  object space 506368K, 38% used [0x00000006c0000000,0x00000006cbe40fe0,0x00000006dee80000)
 Metaspace       used 69532K, capacity 70332K, committed 70656K, reserved 1112064K
  class space    used 8653K, capacity 8919K, committed 8960K, reserved 1048576K
}
Event: 319.884 GC heap before
{Heap before GC invocations=21 (full 4):
 PSYoungGen      total 668160K, used 668145K [0x000000076ab00000, 0x000000079b000000, 0x00000007c0000000)
  eden space 588288K, 100% used [0x000000076ab00000,0x000000078e980000,0x000000078e980000)
  from space 79872K, 99% used [0x0000000794580000,0x000000079937c408,0x0000000799380000)
  to   space 94208K, 0% used [0x000000078e980000,0x000000078e980000,0x0000000794580000)
 ParOldGen       total 506368K, used 194819K [0x00000006c0000000, 0x00000006dee80000, 0x000000076ab00000)
  object space 506368K, 38% used [0x00000006c0000000,0x00000006cbe40fe0,0x00000006dee80000)
 Metaspace       used 73093K, capacity 74024K, committed 74368K, reserved 1114112K
  class space    used 9061K, capacity 9289K, committed 9344K, reserved 1048576K
Event: 319.956 GC heap after
Heap after GC invocations=21 (full 4):
 PSYoungGen      total 682496K, used 94188K [0x000000076ab00000, 0x000000079ed00000, 0x00000007c0000000)
  eden space 588288K, 0% used [0x000000076ab00000,0x000000076ab00000,0x000000078e980000)
  from space 94208K, 99% used [0x000000078e980000,0x000000079457b2e8,0x0000000794580000)
  to   space 113664K, 0% used [0x0000000797e00000,0x0000000797e00000,0x000000079ed00000)
 ParOldGen       total 506368K, used 207061K [0x00000006c0000000, 0x00000006dee80000, 0x000000076ab00000)
  object space 506368K, 40% used [0x00000006c0000000,0x00000006cca35408,0x00000006dee80000)
 Metaspace       used 73093K, capacity 74024K, committed 74368K, reserved 1114112K
  class space    used 9061K, capacity 9289K, committed 9344K, reserved 1048576K
}

