# JRE version: Java(TM) SE Runtime Environment (8.0_65-b17) (build 1.8.0_65-b17)
# Java VM: Java HotSpot(TM) 64-Bit Server VM (25.65-b01 mixed mode bsd-amd64 compressed oops)
Heap:
 PSYoungGen      total 881664K, used 269596K [0x000000076ab00000, 0x00000007a8380000, 0x00000007c0000000)
  eden space 766464K, 31% used [0x000000076ab00000,0x000000077943db08,0x0000000799780000)
  from space 115200K, 26% used [0x00000007a1300000,0x00000007a3109788,0x00000007a8380000)
  to   space 120832K, 0% used [0x0000000799780000,0x0000000799780000,0x00000007a0d80000)
 ParOldGen       total 541696K, used 264705K [0x00000006c0000000, 0x00000006e1100000, 0x000000076ab00000)
  object space 541696K, 48% used [0x00000006c0000000,0x00000006d0280758,0x00000006e1100000)
 Metaspace       used 79192K, capacity 80154K, committed 80384K, reserved 1120256K
  class space    used 9911K, capacity 10204K, committed 10240K, reserved 1048576K
GC Heap History (10 events):
Event: 67.753 GC heap before
{Heap before GC invocations=16 (full 3):
 PSYoungGen      total 613888K, used 546183K [0x000000076ab00000, 0x0000000798780000, 0x00000007c0000000)
  eden space 531968K, 100% used [0x000000076ab00000,0x000000078b280000,0x000000078b280000)
  from space 81920K, 17% used [0x0000000793780000,0x0000000794561d08,0x0000000798780000)
  to   space 109056K, 0% used [0x000000078b280000,0x000000078b280000,0x0000000791d00000)
 ParOldGen       total 396800K, used 170653K [0x00000006c0000000, 0x00000006d8380000, 0x000000076ab00000)
  object space 396800K, 43% used [0x00000006c0000000,0x00000006ca6a76e8,0x00000006d8380000)
 Metaspace       used 50937K, capacity 51704K, committed 51968K, reserved 1095680K
  class space    used 6366K, capacity 6577K, committed 6656K, reserved 1048576K
Event: 67.763 GC heap after
Heap after GC invocations=16 (full 3):
 PSYoungGen      total 641024K, used 20015K [0x000000076ab00000, 0x00000007a0580000, 0x00000007c0000000)
  eden space 531968K, 0% used [0x000000076ab00000,0x000000076ab00000,0x000000078b280000)
  from space 109056K, 18% used [0x000000078b280000,0x000000078c60bed8,0x0000000791d00000)
  to   space 104960K, 0% used [0x0000000799f00000,0x0000000799f00000,0x00000007a0580000)
 ParOldGen       total 396800K, used 170653K [0x00000006c0000000, 0x00000006d8380000, 0x000000076ab00000)
  object space 396800K, 43% used [0x00000006c0000000,0x00000006ca6a76e8,0x00000006d8380000)
 Metaspace       used 50937K, capacity 51704K, committed 51968K, reserved 1095680K
  class space    used 6366K, capacity 6577K, committed 6656K, reserved 1048576K
}
Event: 144.005 GC heap before
{Heap before GC invocations=17 (full 3):
 PSYoungGen      total 641024K, used 551983K [0x000000076ab00000, 0x00000007a0580000, 0x00000007c0000000)
  eden space 531968K, 100% used [0x000000076ab00000,0x000000078b280000,0x000000078b280000)
  from space 109056K, 18% used [0x000000078b280000,0x000000078c60bed8,0x0000000791d00000)
  to   space 104960K, 0% used [0x0000000799f00000,0x0000000799f00000,0x00000007a0580000)
 ParOldGen       total 396800K, used 170653K [0x00000006c0000000, 0x00000006d8380000, 0x000000076ab00000)
  object space 396800K, 43% used [0x00000006c0000000,0x00000006ca6a76e8,0x00000006d8380000)
 Metaspace       used 60905K, capacity 61700K, committed 62080K, reserved 1103872K
  class space    used 7482K, capacity 7731K, committed 7808K, reserved 1048576K
Event: 144.039 GC heap after
Heap after GC invocations=17 (full 3):
 PSYoungGen      total 730112K, used 52765K [0x000000076ab00000, 0x000000079ef80000, 0x00000007c0000000)
  eden space 647680K, 0% used [0x000000076ab00000,0x000000076ab00000,0x0000000792380000)
  from space 82432K, 64% used [0x0000000799f00000,0x000000079d2877a8,0x000000079ef80000)
  to   space 104448K, 0% used [0x0000000792380000,0x0000000792380000,0x0000000798980000)
 ParOldGen       total 396800K, used 170653K [0x00000006c0000000, 0x00000006d8380000, 0x000000076ab00000)
  object space 396800K, 43% used [0x00000006c0000000,0x00000006ca6a76e8,0x00000006d8380000)
 Metaspace       used 60905K, capacity 61700K, committed 62080K, reserved 1103872K
  class space    used 7482K, capacity 7731K, committed 7808K, reserved 1048576K
}
Event: 168.315 GC heap before
{Heap before GC invocations=18 (full 3):
 PSYoungGen      total 730112K, used 420245K [0x000000076ab00000, 0x000000079ef80000, 0x00000007c0000000)
  eden space 647680K, 56% used [0x000000076ab00000,0x00000007811dde18,0x0000000792380000)
  from space 82432K, 64% used [0x0000000799f00000,0x000000079d2877a8,0x000000079ef80000)
  to   space 104448K, 0% used [0x0000000792380000,0x0000000792380000,0x0000000798980000)
 ParOldGen       total 396800K, used 170653K [0x00000006c0000000, 0x00000006d8380000, 0x000000076ab00000)
  object space 396800K, 43% used [0x00000006c0000000,0x00000006ca6a76e8,0x00000006d8380000)
 Metaspace       used 65160K, capacity 65878K, committed 66136K, reserved 1107968K
  class space    used 7951K, capacity 8182K, committed 8192K, reserved 1048576K
Event: 168.375 GC heap after
Heap after GC invocations=18 (full 3):
 PSYoungGen      total 752128K, used 104429K [0x000000076ab00000, 0x00000007a8e80000, 0x00000007c0000000)
  eden space 647680K, 0% used [0x000000076ab00000,0x000000076ab00000,0x0000000792380000)
  from space 104448K, 99% used [0x0000000792380000,0x000000079897b788,0x0000000798980000)
  to   space 126464K, 0% used [0x00000007a1300000,0x00000007a1300000,0x00000007a8e80000)
 ParOldGen       total 396800K, used 181551K [0x00000006c0000000, 0x00000006d8380000, 0x000000076ab00000)
  object space 396800K, 45% used [0x00000006c0000000,0x00000006cb14bf88,0x00000006d8380000)
 Metaspace       used 65160K, capacity 65878K, committed 66136K, reserved 1107968K
  class space    used 7951K, capacity 8182K, committed 8192K, reserved 1048576K
}
Event: 168.375 GC heap before
{Heap before GC invocations=19 (full 4):
 PSYoungGen      total 752128K, used 104429K [0x000000076ab00000, 0x00000007a8e80000, 0x00000007c0000000)
  eden space 647680K, 0% used [0x000000076ab00000,0x000000076ab00000,0x0000000792380000)
  from space 104448K, 99% used [0x0000000792380000,0x000000079897b788,0x0000000798980000)
  to   space 126464K, 0% used [0x00000007a1300000,0x00000007a1300000,0x00000007a8e80000)
 ParOldGen       total 396800K, used 181551K [0x00000006c0000000, 0x00000006d8380000, 0x000000076ab00000)
  object space 396800K, 45% used [0x00000006c0000000,0x00000006cb14bf88,0x00000006d8380000)
 Metaspace       used 65160K, capacity 65878K, committed 66136K, reserved 1107968K
  class space    used 7951K, capacity 8182K, committed 8192K, reserved 1048576K
Event: 168.659 GC heap after
Heap after GC invocations=19 (full 4):
 PSYoungGen      total 752128K, used 0K [0x000000076ab00000, 0x00000007a8e80000, 0x00000007c0000000)
  eden space 647680K, 0% used [0x000000076ab00000,0x000000076ab00000,0x0000000792380000)
  from space 104448K, 0% used [0x0000000792380000,0x0000000792380000,0x0000000798980000)
  to   space 126464K, 0% used [0x00000007a1300000,0x00000007a1300000,0x00000007a8e80000)
 ParOldGen       total 541696K, used 264705K [0x00000006c0000000, 0x00000006e1100000, 0x000000076ab00000)
  object space 541696K, 48% used [0x00000006c0000000,0x00000006d0280758,0x00000006e1100000)
 Metaspace       used 65160K, capacity 65878K, committed 66136K, reserved 1107968K
  class space    used 7951K, capacity 8182K, committed 8192K, reserved 1048576K
}
Event: 197.370 GC heap before
{Heap before GC invocations=20 (full 4):
 PSYoungGen      total 752128K, used 647680K [0x000000076ab00000, 0x00000007a8e80000, 0x00000007c0000000)
  eden space 647680K, 100% used [0x000000076ab00000,0x0000000792380000,0x0000000792380000)
  from space 104448K, 0% used [0x0000000792380000,0x0000000792380000,0x0000000798980000)
  to   space 126464K, 0% used [0x00000007a1300000,0x00000007a1300000,0x00000007a8e80000)
 ParOldGen       total 541696K, used 264705K [0x00000006c0000000, 0x00000006e1100000, 0x000000076ab00000)
  object space 541696K, 48% used [0x00000006c0000000,0x00000006d0280758,0x00000006e1100000)
 Metaspace       used 73086K, capacity 73954K, committed 74112K, reserved 1114112K
  class space    used 9060K, capacity 9288K, committed 9344K, reserved 1048576K
Event: 197.395 GC heap after
Heap after GC invocations=20 (full 4):
 PSYoungGen      total 881664K, used 30757K [0x000000076ab00000, 0x00000007a8380000, 0x00000007c0000000)
  eden space 766464K, 0% used [0x000000076ab00000,0x000000076ab00000,0x0000000799780000)
  from space 115200K, 26% used [0x00000007a1300000,0x00000007a3109788,0x00000007a8380000)
  to   space 120832K, 0% used [0x0000000799780000,0x0000000799780000,0x00000007a0d80000)
 ParOldGen       total 541696K, used 264705K [0x00000006c0000000, 0x00000006e1100000, 0x000000076ab00000)
  object space 541696K, 48% used [0x00000006c0000000,0x00000006d0280758,0x00000006e1100000)
 Metaspace       used 73086K, capacity 73954K, committed 74112K, reserved 1114112K
  class space    used 9060K, capacity 9288K, committed 9344K, reserved 1048576K
}

