# JRE version: Java(TM) SE Runtime Environment (8.0_65-b17) (build 1.8.0_65-b17)
# Java VM: Java HotSpot(TM) 64-Bit Server VM (25.65-b01 mixed mode bsd-amd64 compressed oops)
Heap:
 PSYoungGen      total 832512K, used 285709K [0x000000076ab00000, 0x00000007a5200000, 0x00000007c0000000)
  eden space 731136K, 26% used [0x000000076ab00000,0x0000000776b626f0,0x0000000797500000)
  from space 101376K, 87% used [0x000000079e480000,0x00000007a3b20e98,0x00000007a4780000)
  to   space 113152K, 0% used [0x0000000797500000,0x0000000797500000,0x000000079e380000)
 ParOldGen       total 452096K, used 217173K [0x00000006c0000000, 0x00000006db980000, 0x000000076ab00000)
  object space 452096K, 48% used [0x00000006c0000000,0x00000006cd415430,0x00000006db980000)
 Metaspace       used 79216K, capacity 80186K, committed 80384K, reserved 1120256K
  class space    used 9903K, capacity 10172K, committed 10240K, reserved 1048576K
GC Heap History (10 events):
Event: 106.786 GC heap before
{Heap before GC invocations=16 (full 3):
 PSYoungGen      total 633856K, used 597774K [0x000000076ab00000, 0x0000000797e00000, 0x00000007c0000000)
  eden space 572416K, 100% used [0x000000076ab00000,0x000000078da00000,0x000000078da00000)
  from space 61440K, 41% used [0x0000000794200000,0x0000000795ac38e8,0x0000000797e00000)
  to   space 83968K, 0% used [0x000000078da00000,0x000000078da00000,0x0000000792c00000)
 ParOldGen       total 404992K, used 199955K [0x00000006c0000000, 0x00000006d8b80000, 0x000000076ab00000)
  object space 404992K, 49% used [0x00000006c0000000,0x00000006cc344d88,0x00000006d8b80000)
 Metaspace       used 50969K, capacity 51704K, committed 51968K, reserved 1095680K
  class space    used 6364K, capacity 6577K, committed 6656K, reserved 1048576K
Event: 106.815 GC heap after
Heap after GC invocations=16 (full 3):
 PSYoungGen      total 656384K, used 35824K [0x000000076ab00000, 0x000000079d580000, 0x00000007c0000000)
  eden space 572416K, 0% used [0x000000076ab00000,0x000000076ab00000,0x000000078da00000)
  from space 83968K, 42% used [0x000000078da00000,0x000000078fcfc1b0,0x0000000792c00000)
  to   space 79872K, 0% used [0x0000000798780000,0x0000000798780000,0x000000079d580000)
 ParOldGen       total 404992K, used 199955K [0x00000006c0000000, 0x00000006d8b80000, 0x000000076ab00000)
  object space 404992K, 49% used [0x00000006c0000000,0x00000006cc344d88,0x00000006d8b80000)
 Metaspace       used 50969K, capacity 51704K, committed 51968K, reserved 1095680K
  class space    used 6364K, capacity 6577K, committed 6656K, reserved 1048576K
}
Event: 141.954 GC heap before
{Heap before GC invocations=17 (full 3):
 PSYoungGen      total 656384K, used 287538K [0x000000076ab00000, 0x000000079d580000, 0x00000007c0000000)
  eden space 572416K, 43% used [0x000000076ab00000,0x000000077a0d08e8,0x000000078da00000)
  from space 83968K, 42% used [0x000000078da00000,0x000000078fcfc1b0,0x0000000792c00000)
  to   space 79872K, 0% used [0x0000000798780000,0x0000000798780000,0x000000079d580000)
 ParOldGen       total 404992K, used 199955K [0x00000006c0000000, 0x00000006d8b80000, 0x000000076ab00000)
  object space 404992K, 49% used [0x00000006c0000000,0x00000006cc344d88,0x00000006d8b80000)
 Metaspace       used 56650K, capacity 57400K, committed 57600K, reserved 1099776K
  class space    used 7036K, capacity 7281K, committed 7296K, reserved 1048576K
Event: 141.989 GC heap after
Heap after GC invocations=17 (full 3):
 PSYoungGen      total 714240K, used 46674K [0x000000076ab00000, 0x000000079c400000, 0x00000007c0000000)
  eden space 652288K, 0% used [0x000000076ab00000,0x000000076ab00000,0x0000000792800000)
  from space 61952K, 75% used [0x0000000798780000,0x000000079b514968,0x000000079c400000)
  to   space 79872K, 0% used [0x0000000792800000,0x0000000792800000,0x0000000797600000)
 ParOldGen       total 404992K, used 199955K [0x00000006c0000000, 0x00000006d8b80000, 0x000000076ab00000)
  object space 404992K, 49% used [0x00000006c0000000,0x00000006cc344d88,0x00000006d8b80000)
 Metaspace       used 56650K, capacity 57400K, committed 57600K, reserved 1099776K
  class space    used 7036K, capacity 7281K, committed 7296K, reserved 1048576K
}
Event: 141.989 GC heap before
{Heap before GC invocations=18 (full 4):
 PSYoungGen      total 714240K, used 46674K [0x000000076ab00000, 0x000000079c400000, 0x00000007c0000000)
  eden space 652288K, 0% used [0x000000076ab00000,0x000000076ab00000,0x0000000792800000)
  from space 61952K, 75% used [0x0000000798780000,0x000000079b514968,0x000000079c400000)
  to   space 79872K, 0% used [0x0000000792800000,0x0000000792800000,0x0000000797600000)
 ParOldGen       total 404992K, used 199955K [0x00000006c0000000, 0x00000006d8b80000, 0x000000076ab00000)
  object space 404992K, 49% used [0x00000006c0000000,0x00000006cc344d88,0x00000006d8b80000)
 Metaspace       used 56650K, capacity 57400K, committed 57600K, reserved 1099776K
  class space    used 7036K, capacity 7281K, committed 7296K, reserved 1048576K
Event: 142.175 GC heap after
Heap after GC invocations=18 (full 4):
 PSYoungGen      total 714240K, used 0K [0x000000076ab00000, 0x000000079c400000, 0x00000007c0000000)
  eden space 652288K, 0% used [0x000000076ab00000,0x000000076ab00000,0x0000000792800000)
  from space 61952K, 0% used [0x0000000798780000,0x0000000798780000,0x000000079c400000)
  to   space 79872K, 0% used [0x0000000792800000,0x0000000792800000,0x0000000797600000)
 ParOldGen       total 452096K, used 192112K [0x00000006c0000000, 0x00000006db980000, 0x000000076ab00000)
  object space 452096K, 42% used [0x00000006c0000000,0x00000006cbb9c050,0x00000006db980000)
 Metaspace       used 56650K, capacity 57400K, committed 57600K, reserved 1099776K
  class space    used 7036K, capacity 7281K, committed 7296K, reserved 1048576K
}
Event: 184.867 GC heap before
{Heap before GC invocations=19 (full 4):
 PSYoungGen      total 714240K, used 652288K [0x000000076ab00000, 0x000000079c400000, 0x00000007c0000000)
  eden space 652288K, 100% used [0x000000076ab00000,0x0000000792800000,0x0000000792800000)
  from space 61952K, 0% used [0x0000000798780000,0x0000000798780000,0x000000079c400000)
  to   space 79872K, 0% used [0x0000000792800000,0x0000000792800000,0x0000000797600000)
 ParOldGen       total 452096K, used 192112K [0x00000006c0000000, 0x00000006db980000, 0x000000076ab00000)
  object space 452096K, 42% used [0x00000006c0000000,0x00000006cbb9c050,0x00000006db980000)
 Metaspace       used 72050K, capacity 72868K, committed 73216K, reserved 1114112K
  class space    used 8951K, capacity 9187K, committed 9216K, reserved 1048576K
Event: 184.930 GC heap after
Heap after GC invocations=19 (full 4):
 PSYoungGen      total 732160K, used 79854K [0x000000076ab00000, 0x00000007a4780000, 0x00000007c0000000)
  eden space 652288K, 0% used [0x000000076ab00000,0x000000076ab00000,0x0000000792800000)
  from space 79872K, 99% used [0x0000000792800000,0x00000007975fb8d8,0x0000000797600000)
  to   space 101376K, 0% used [0x000000079e480000,0x000000079e480000,0x00000007a4780000)
 ParOldGen       total 452096K, used 217173K [0x00000006c0000000, 0x00000006db980000, 0x000000076ab00000)
  object space 452096K, 48% used [0x00000006c0000000,0x00000006cd415430,0x00000006db980000)
 Metaspace       used 72050K, capacity 72868K, committed 73216K, reserved 1114112K
  class space    used 8951K, capacity 9187K, committed 9216K, reserved 1048576K
}
Event: 202.902 GC heap before
{Heap before GC invocations=20 (full 4):
 PSYoungGen      total 732160K, used 732142K [0x000000076ab00000, 0x00000007a4780000, 0x00000007c0000000)
  eden space 652288K, 100% used [0x000000076ab00000,0x0000000792800000,0x0000000792800000)
  from space 79872K, 99% used [0x0000000792800000,0x00000007975fb8d8,0x0000000797600000)
  to   space 101376K, 0% used [0x000000079e480000,0x000000079e480000,0x00000007a4780000)
 ParOldGen       total 452096K, used 217173K [0x00000006c0000000, 0x00000006db980000, 0x000000076ab00000)
  object space 452096K, 48% used [0x00000006c0000000,0x00000006cd415430,0x00000006db980000)
 Metaspace       used 73111K, capacity 74018K, committed 74368K, reserved 1114112K
  class space    used 9053K, capacity 9288K, committed 9344K, reserved 1048576K
Event: 202.994 GC heap after
Heap after GC invocations=20 (full 4):
 PSYoungGen      total 832512K, used 88707K [0x000000076ab00000, 0x00000007a5200000, 0x00000007c0000000)
  eden space 731136K, 0% used [0x000000076ab00000,0x000000076ab00000,0x0000000797500000)
  from space 101376K, 87% used [0x000000079e480000,0x00000007a3b20e98,0x00000007a4780000)
  to   space 113152K, 0% used [0x0000000797500000,0x0000000797500000,0x000000079e380000)
 ParOldGen       total 452096K, used 217173K [0x00000006c0000000, 0x00000006db980000, 0x000000076ab00000)
  object space 452096K, 48% used [0x00000006c0000000,0x00000006cd415430,0x00000006db980000)
 Metaspace       used 73111K, capacity 74018K, committed 74368K, reserved 1114112K
  class space    used 9053K, capacity 9288K, committed 9344K, reserved 1048576K
}

