# JRE version: Java(TM) SE Runtime Environment (8.0_65-b17) (build 1.8.0_65-b17)
# Java VM: Java HotSpot(TM) 64-Bit Server VM (25.65-b01 mixed mode bsd-amd64 compressed oops)
Heap:
 PSYoungGen      total 756224K, used 295251K [0x000000076ab00000, 0x00000007a1080000, 0x00000007c0000000)
  eden space 658432K, 29% used [0x000000076ab00000,0x0000000776bd9dd8,0x0000000792e00000)
  from space 97792K, 99% used [0x0000000799e00000,0x000000079fd7aed8,0x000000079fd80000)
  to   space 114688K, 0% used [0x0000000792e00000,0x0000000792e00000,0x0000000799e00000)
 ParOldGen       total 495104K, used 207155K [0x00000006c0000000, 0x00000006de380000, 0x000000076ab00000)
  object space 495104K, 41% used [0x00000006c0000000,0x00000006cca4cda8,0x00000006de380000)
 Metaspace       used 79212K, capacity 80218K, committed 80428K, reserved 1120256K
  class space    used 9911K, capacity 10204K, committed 10284K, reserved 1048576K
GC Heap History (10 events):
Event: 73.852 GC heap before
{Heap before GC invocations=16 (full 3):
 PSYoungGen      total 577024K, used 536829K [0x000000076ab00000, 0x0000000794380000, 0x00000007c0000000)
  eden space 514560K, 100% used [0x000000076ab00000,0x000000078a180000,0x000000078a180000)
  from space 62464K, 35% used [0x0000000790680000,0x0000000791c3f648,0x0000000794380000)
  to   space 82944K, 0% used [0x000000078a180000,0x000000078a180000,0x000000078f280000)
 ParOldGen       total 437760K, used 201134K [0x00000006c0000000, 0x00000006dab80000, 0x000000076ab00000)
  object space 437760K, 45% used [0x00000006c0000000,0x00000006cc46bbe8,0x00000006dab80000)
 Metaspace       used 50958K, capacity 51704K, committed 51968K, reserved 1095680K
  class space    used 6366K, capacity 6577K, committed 6656K, reserved 1048576K
Event: 73.869 GC heap after
Heap after GC invocations=16 (full 3):
 PSYoungGen      total 597504K, used 27382K [0x000000076ab00000, 0x0000000799480000, 0x00000007c0000000)
  eden space 514560K, 0% used [0x000000076ab00000,0x000000076ab00000,0x000000078a180000)
  from space 82944K, 33% used [0x000000078a180000,0x000000078bc3d9f0,0x000000078f280000)
  to   space 78848K, 0% used [0x0000000794780000,0x0000000794780000,0x0000000799480000)
 ParOldGen       total 437760K, used 201134K [0x00000006c0000000, 0x00000006dab80000, 0x000000076ab00000)
  object space 437760K, 45% used [0x00000006c0000000,0x00000006cc46bbe8,0x00000006dab80000)
 Metaspace       used 50958K, capacity 51704K, committed 51968K, reserved 1095680K
  class space    used 6366K, capacity 6577K, committed 6656K, reserved 1048576K
}
Event: 143.096 GC heap before
{Heap before GC invocations=17 (full 3):
 PSYoungGen      total 597504K, used 455527K [0x000000076ab00000, 0x0000000799480000, 0x00000007c0000000)
  eden space 514560K, 83% used [0x000000076ab00000,0x0000000784d1c228,0x000000078a180000)
  from space 82944K, 33% used [0x000000078a180000,0x000000078bc3d9f0,0x000000078f280000)
  to   space 78848K, 0% used [0x0000000794780000,0x0000000794780000,0x0000000799480000)
 ParOldGen       total 437760K, used 201134K [0x00000006c0000000, 0x00000006dab80000, 0x000000076ab00000)
  object space 437760K, 45% used [0x00000006c0000000,0x00000006cc46bbe8,0x00000006dab80000)
 Metaspace       used 57078K, capacity 57816K, committed 58028K, reserved 1099776K
  class space    used 7065K, capacity 7313K, committed 7340K, reserved 1048576K
Event: 143.129 GC heap after
Heap after GC invocations=17 (full 3):
 PSYoungGen      total 656896K, used 52004K [0x000000076ab00000, 0x0000000798a00000, 0x00000007c0000000)
  eden space 588800K, 0% used [0x000000076ab00000,0x000000076ab00000,0x000000078ea00000)
  from space 68096K, 76% used [0x0000000794780000,0x0000000797a49318,0x0000000798a00000)
  to   space 81920K, 0% used [0x000000078ea00000,0x000000078ea00000,0x0000000793a00000)
 ParOldGen       total 437760K, used 201134K [0x00000006c0000000, 0x00000006dab80000, 0x000000076ab00000)
  object space 437760K, 45% used [0x00000006c0000000,0x00000006cc46bbe8,0x00000006dab80000)
 Metaspace       used 57078K, capacity 57816K, committed 58028K, reserved 1099776K
  class space    used 7065K, capacity 7313K, committed 7340K, reserved 1048576K
}
Event: 143.129 GC heap before
{Heap before GC invocations=18 (full 4):
 PSYoungGen      total 656896K, used 52004K [0x000000076ab00000, 0x0000000798a00000, 0x00000007c0000000)
  eden space 588800K, 0% used [0x000000076ab00000,0x000000076ab00000,0x000000078ea00000)
  from space 68096K, 76% used [0x0000000794780000,0x0000000797a49318,0x0000000798a00000)
  to   space 81920K, 0% used [0x000000078ea00000,0x000000078ea00000,0x0000000793a00000)
 ParOldGen       total 437760K, used 201134K [0x00000006c0000000, 0x00000006dab80000, 0x000000076ab00000)
  object space 437760K, 45% used [0x00000006c0000000,0x00000006cc46bbe8,0x00000006dab80000)
 Metaspace       used 57078K, capacity 57816K, committed 58028K, reserved 1099776K
  class space    used 7065K, capacity 7313K, committed 7340K, reserved 1048576K
Event: 143.309 GC heap after
Heap after GC invocations=18 (full 4):
 PSYoungGen      total 656896K, used 0K [0x000000076ab00000, 0x0000000798a00000, 0x00000007c0000000)
  eden space 588800K, 0% used [0x000000076ab00000,0x000000076ab00000,0x000000078ea00000)
  from space 68096K, 0% used [0x0000000794780000,0x0000000794780000,0x0000000798a00000)
  to   space 81920K, 0% used [0x000000078ea00000,0x000000078ea00000,0x0000000793a00000)
 ParOldGen       total 495104K, used 197006K [0x00000006c0000000, 0x00000006de380000, 0x000000076ab00000)
  object space 495104K, 39% used [0x00000006c0000000,0x00000006cc063b30,0x00000006de380000)
 Metaspace       used 57078K, capacity 57816K, committed 58028K, reserved 1099776K
  class space    used 7065K, capacity 7313K, committed 7340K, reserved 1048576K
}
Event: 182.583 GC heap before
{Heap before GC invocations=19 (full 4):
 PSYoungGen      total 656896K, used 588800K [0x000000076ab00000, 0x0000000798a00000, 0x00000007c0000000)
  eden space 588800K, 100% used [0x000000076ab00000,0x000000078ea00000,0x000000078ea00000)
  from space 68096K, 0% used [0x0000000794780000,0x0000000794780000,0x0000000798a00000)
  to   space 81920K, 0% used [0x000000078ea00000,0x000000078ea00000,0x0000000793a00000)
 ParOldGen       total 495104K, used 197006K [0x00000006c0000000, 0x00000006de380000, 0x000000076ab00000)
  object space 495104K, 39% used [0x00000006c0000000,0x00000006cc063b30,0x00000006de380000)
 Metaspace       used 71286K, capacity 72186K, committed 72364K, reserved 1112064K
  class space    used 8875K, capacity 9116K, committed 9132K, reserved 1048576K
Event: 182.653 GC heap after
Heap after GC invocations=19 (full 4):
 PSYoungGen      total 670720K, used 81895K [0x000000076ab00000, 0x000000079fd80000, 0x00000007c0000000)
  eden space 588800K, 0% used [0x000000076ab00000,0x000000076ab00000,0x000000078ea00000)
  from space 81920K, 99% used [0x000000078ea00000,0x00000007939f9ed8,0x0000000793a00000)
  to   space 97792K, 0% used [0x0000000799e00000,0x0000000799e00000,0x000000079fd80000)
 ParOldGen       total 495104K, used 205540K [0x00000006c0000000, 0x00000006de380000, 0x000000076ab00000)
  object space 495104K, 41% used [0x00000006c0000000,0x00000006cc8b9200,0x00000006de380000)
 Metaspace       used 71286K, capacity 72186K, committed 72364K, reserved 1112064K
  class space    used 8875K, capacity 9116K, committed 9132K, reserved 1048576K
}
Event: 204.505 GC heap before
{Heap before GC invocations=20 (full 4):
 PSYoungGen      total 670720K, used 670695K [0x000000076ab00000, 0x000000079fd80000, 0x00000007c0000000)
  eden space 588800K, 100% used [0x000000076ab00000,0x000000078ea00000,0x000000078ea00000)
  from space 81920K, 99% used [0x000000078ea00000,0x00000007939f9ed8,0x0000000793a00000)
  to   space 97792K, 0% used [0x0000000799e00000,0x0000000799e00000,0x000000079fd80000)
 ParOldGen       total 495104K, used 205540K [0x00000006c0000000, 0x00000006de380000, 0x000000076ab00000)
  object space 495104K, 41% used [0x00000006c0000000,0x00000006cc8b9200,0x00000006de380000)
 Metaspace       used 73112K, capacity 74018K, committed 74412K, reserved 1114112K
  class space    used 9060K, capacity 9288K, committed 9388K, reserved 1048576K
Event: 204.564 GC heap after
Heap after GC invocations=20 (full 4):
 PSYoungGen      total 756224K, used 97771K [0x000000076ab00000, 0x00000007a1080000, 0x00000007c0000000)
  eden space 658432K, 0% used [0x000000076ab00000,0x000000076ab00000,0x0000000792e00000)
  from space 97792K, 99% used [0x0000000799e00000,0x000000079fd7aed8,0x000000079fd80000)
  to   space 114688K, 0% used [0x0000000792e00000,0x0000000792e00000,0x0000000799e00000)
 ParOldGen       total 495104K, used 207155K [0x00000006c0000000, 0x00000006de380000, 0x000000076ab00000)
  object space 495104K, 41% used [0x00000006c0000000,0x00000006cca4cda8,0x00000006de380000)
 Metaspace       used 73112K, capacity 74018K, committed 74412K, reserved 1114112K
  class space    used 9060K, capacity 9288K, committed 9388K, reserved 1048576K
}

